{"C:\\Users\\HP\\Desktop\\kilimosmart\\backend\\config\\cloudinary.js": {"path":"C:\\Users\\HP\\Desktop\\kilimosmart\\backend\\config\\cloudinary.js","statementMap":{"0":{"start":{"line":1,"column":19},"end":{"line":1,"column":43}},"1":{"start":{"line":3,"column":0},"end":{"line":3,"column":54}},"2":{"start":{"line":6,"column":28},"end":{"line":45,"column":1}},"3":{"start":{"line":7,"column":2},"end":{"line":44,"column":3}},"4":{"start":{"line":8,"column":22},"end":{"line":8,"column":55}},"5":{"start":{"line":9,"column":19},"end":{"line":9,"column":49}},"6":{"start":{"line":10,"column":22},"end":{"line":10,"column":55}},"7":{"start":{"line":13,"column":4},"end":{"line":20,"column":5}},"8":{"start":{"line":14,"column":6},"end":{"line":14,"column":57}},"9":{"start":{"line":15,"column":6},"end":{"line":15,"column":57}},"10":{"start":{"line":16,"column":6},"end":{"line":16,"column":73}},"11":{"start":{"line":17,"column":6},"end":{"line":17,"column":67}},"12":{"start":{"line":18,"column":6},"end":{"line":18,"column":73}},"13":{"start":{"line":19,"column":6},"end":{"line":19,"column":19}},"14":{"start":{"line":23,"column":4},"end":{"line":28,"column":7}},"15":{"start":{"line":30,"column":19},"end":{"line":30,"column":38}},"16":{"start":{"line":32,"column":4},"end":{"line":39,"column":5}},"17":{"start":{"line":33,"column":6},"end":{"line":33,"column":59}},"18":{"start":{"line":34,"column":6},"end":{"line":34,"column":55}},"19":{"start":{"line":35,"column":6},"end":{"line":35,"column":18}},"20":{"start":{"line":37,"column":6},"end":{"line":37,"column":61}},"21":{"start":{"line":38,"column":6},"end":{"line":38,"column":19}},"22":{"start":{"line":41,"column":4},"end":{"line":41,"column":70}},"23":{"start":{"line":42,"column":4},"end":{"line":42,"column":44}},"24":{"start":{"line":43,"column":4},"end":{"line":43,"column":17}},"25":{"start":{"line":47,"column":21},"end":{"line":47,"column":42}},"26":{"start":{"line":49,"column":0},"end":{"line":52,"column":2}}},"fnMap":{"0":{"name":"(anonymous_0)","decl":{"start":{"line":6,"column":28},"end":{"line":6,"column":29}},"loc":{"start":{"line":6,"column":34},"end":{"line":45,"column":1}},"line":6}},"branchMap":{"0":{"loc":{"start":{"line":13,"column":4},"end":{"line":20,"column":5}},"type":"if","locations":[{"start":{"line":13,"column":4},"end":{"line":20,"column":5}},{"start":{},"end":{}}],"line":13},"1":{"loc":{"start":{"line":13,"column":8},"end":{"line":13,"column":43}},"type":"binary-expr","locations":[{"start":{"line":13,"column":8},"end":{"line":13,"column":18}},{"start":{"line":13,"column":22},"end":{"line":13,"column":29}},{"start":{"line":13,"column":33},"end":{"line":13,"column":43}}],"line":13},"2":{"loc":{"start":{"line":16,"column":50},"end":{"line":16,"column":71}},"type":"cond-expr","locations":[{"start":{"line":16,"column":62},"end":{"line":16,"column":65}},{"start":{"line":16,"column":68},"end":{"line":16,"column":71}}],"line":16},"3":{"loc":{"start":{"line":17,"column":47},"end":{"line":17,"column":65}},"type":"cond-expr","locations":[{"start":{"line":17,"column":56},"end":{"line":17,"column":59}},{"start":{"line":17,"column":62},"end":{"line":17,"column":65}}],"line":17},"4":{"loc":{"start":{"line":18,"column":50},"end":{"line":18,"column":71}},"type":"cond-expr","locations":[{"start":{"line":18,"column":62},"end":{"line":18,"column":65}},{"start":{"line":18,"column":68},"end":{"line":18,"column":71}}],"line":18},"5":{"loc":{"start":{"line":32,"column":4},"end":{"line":39,"column":5}},"type":"if","locations":[{"start":{"line":32,"column":4},"end":{"line":39,"column":5}},{"start":{"line":36,"column":11},"end":{"line":39,"column":5}}],"line":32},"6":{"loc":{"start":{"line":32,"column":8},"end":{"line":32,"column":64}},"type":"binary-expr","locations":[{"start":{"line":32,"column":8},"end":{"line":32,"column":25}},{"start":{"line":32,"column":29},"end":{"line":32,"column":43}},{"start":{"line":32,"column":47},"end":{"line":32,"column":64}}],"line":32}},"s":{"0":0,"1":0,"2":0,"3":0,"4":0,"5":0,"6":0,"7":0,"8":0,"9":0,"10":0,"11":0,"12":0,"13":0,"14":0,"15":0,"16":0,"17":0,"18":0,"19":0,"20":0,"21":0,"22":0,"23":0,"24":0,"25":0,"26":0},"f":{"0":0},"b":{"0":[0,0],"1":[0,0,0],"2":[0,0],"3":[0,0],"4":[0,0],"5":[0,0],"6":[0,0,0]}}
,"C:\\Users\\HP\\Desktop\\kilimosmart\\backend\\config\\database.js": {"path":"C:\\Users\\HP\\Desktop\\kilimosmart\\backend\\config\\database.js","statementMap":{"0":{"start":{"line":1,"column":17},"end":{"line":1,"column":30}},"1":{"start":{"line":2,"column":0},"end":{"line":2,"column":27}},"2":{"start":{"line":5,"column":13},"end":{"line":11,"column":2}},"3":{"start":{"line":14,"column":0},"end":{"line":16,"column":3}},"4":{"start":{"line":15,"column":2},"end":{"line":15,"column":52}},"5":{"start":{"line":18,"column":0},"end":{"line":21,"column":3}},"6":{"start":{"line":19,"column":2},"end":{"line":19,"column":58}},"7":{"start":{"line":20,"column":2},"end":{"line":20,"column":19}},"8":{"start":{"line":24,"column":14},"end":{"line":35,"column":1}},"9":{"start":{"line":25,"column":16},"end":{"line":25,"column":26}},"10":{"start":{"line":26,"column":2},"end":{"line":34,"column":3}},"11":{"start":{"line":27,"column":16},"end":{"line":27,"column":46}},"12":{"start":{"line":28,"column":21},"end":{"line":28,"column":39}},"13":{"start":{"line":29,"column":4},"end":{"line":29,"column":74}},"14":{"start":{"line":30,"column":4},"end":{"line":30,"column":15}},"15":{"start":{"line":32,"column":4},"end":{"line":32,"column":41}},"16":{"start":{"line":33,"column":4},"end":{"line":33,"column":16}},"17":{"start":{"line":38,"column":18},"end":{"line":56,"column":1}},"18":{"start":{"line":39,"column":17},"end":{"line":39,"column":37}},"19":{"start":{"line":40,"column":16},"end":{"line":40,"column":41}},"20":{"start":{"line":41,"column":18},"end":{"line":41,"column":45}},"21":{"start":{"line":44,"column":18},"end":{"line":46,"column":10}},"22":{"start":{"line":45,"column":4},"end":{"line":45,"column":76}},"23":{"start":{"line":49,"column":2},"end":{"line":53,"column":4}},"24":{"start":{"line":50,"column":4},"end":{"line":50,"column":26}},"25":{"start":{"line":51,"column":4},"end":{"line":51,"column":29}},"26":{"start":{"line":52,"column":4},"end":{"line":52,"column":21}},"27":{"start":{"line":55,"column":2},"end":{"line":55,"column":16}},"28":{"start":{"line":58,"column":0},"end":{"line":62,"column":2}}},"fnMap":{"0":{"name":"(anonymous_0)","decl":{"start":{"line":14,"column":19},"end":{"line":14,"column":20}},"loc":{"start":{"line":14,"column":25},"end":{"line":16,"column":1}},"line":14},"1":{"name":"(anonymous_1)","decl":{"start":{"line":18,"column":17},"end":{"line":18,"column":18}},"loc":{"start":{"line":18,"column":26},"end":{"line":21,"column":1}},"line":18},"2":{"name":"(anonymous_2)","decl":{"start":{"line":24,"column":14},"end":{"line":24,"column":15}},"loc":{"start":{"line":24,"column":38},"end":{"line":35,"column":1}},"line":24},"3":{"name":"(anonymous_3)","decl":{"start":{"line":38,"column":18},"end":{"line":38,"column":19}},"loc":{"start":{"line":38,"column":30},"end":{"line":56,"column":1}},"line":38},"4":{"name":"(anonymous_4)","decl":{"start":{"line":44,"column":29},"end":{"line":44,"column":30}},"loc":{"start":{"line":44,"column":35},"end":{"line":46,"column":3}},"line":44},"5":{"name":"(anonymous_5)","decl":{"start":{"line":49,"column":19},"end":{"line":49,"column":20}},"loc":{"start":{"line":49,"column":25},"end":{"line":53,"column":3}},"line":49}},"branchMap":{},"s":{"0":0,"1":0,"2":0,"3":0,"4":0,"5":0,"6":0,"7":0,"8":0,"9":0,"10":0,"11":0,"12":0,"13":0,"14":0,"15":0,"16":0,"17":0,"18":0,"19":0,"20":0,"21":0,"22":0,"23":0,"24":0,"25":0,"26":0,"27":0,"28":0},"f":{"0":0,"1":0,"2":0,"3":0,"4":0,"5":0},"b":{}}
,"C:\\Users\\HP\\Desktop\\kilimosmart\\backend\\middleware\\auth.js": {"path":"C:\\Users\\HP\\Desktop\\kilimosmart\\backend\\middleware\\auth.js","statementMap":{"0":{"start":{"line":1,"column":12},"end":{"line":1,"column":35}},"1":{"start":{"line":7,"column":26},"end":{"line":73,"column":1}},"2":{"start":{"line":8,"column":2},"end":{"line":72,"column":3}},"3":{"start":{"line":10,"column":23},"end":{"line":10,"column":51}},"4":{"start":{"line":11,"column":18},"end":{"line":11,"column":56}},"5":{"start":{"line":13,"column":4},"end":{"line":18,"column":5}},"6":{"start":{"line":14,"column":6},"end":{"line":17,"column":9}},"7":{"start":{"line":21,"column":4},"end":{"line":65,"column":7}},"8":{"start":{"line":22,"column":6},"end":{"line":40,"column":7}},"9":{"start":{"line":23,"column":8},"end":{"line":28,"column":11}},"10":{"start":{"line":30,"column":8},"end":{"line":35,"column":9}},"11":{"start":{"line":31,"column":10},"end":{"line":34,"column":13}},"12":{"start":{"line":36,"column":8},"end":{"line":39,"column":11}},"13":{"start":{"line":42,"column":6},"end":{"line":48,"column":9}},"14":{"start":{"line":51,"column":6},"end":{"line":60,"column":8}},"15":{"start":{"line":62,"column":6},"end":{"line":62,"column":51}},"16":{"start":{"line":64,"column":6},"end":{"line":64,"column":13}},"17":{"start":{"line":67,"column":4},"end":{"line":67,"column":50}},"18":{"start":{"line":68,"column":4},"end":{"line":71,"column":7}},"19":{"start":{"line":79,"column":22},"end":{"line":105,"column":1}},"20":{"start":{"line":80,"column":2},"end":{"line":86,"column":5}},"21":{"start":{"line":89,"column":24},"end":{"line":92,"column":41}},"22":{"start":{"line":94,"column":2},"end":{"line":101,"column":3}},"23":{"start":{"line":95,"column":4},"end":{"line":95,"column":48}},"24":{"start":{"line":96,"column":4},"end":{"line":100,"column":7}},"25":{"start":{"line":103,"column":2},"end":{"line":103,"column":46}},"26":{"start":{"line":104,"column":2},"end":{"line":104,"column":9}},"27":{"start":{"line":111,"column":21},"end":{"line":137,"column":1}},"28":{"start":{"line":112,"column":2},"end":{"line":118,"column":5}},"29":{"start":{"line":121,"column":23},"end":{"line":124,"column":39}},"30":{"start":{"line":126,"column":2},"end":{"line":133,"column":3}},"31":{"start":{"line":127,"column":4},"end":{"line":127,"column":47}},"32":{"start":{"line":128,"column":4},"end":{"line":132,"column":7}},"33":{"start":{"line":135,"column":2},"end":{"line":135,"column":39}},"34":{"start":{"line":136,"column":2},"end":{"line":136,"column":9}},"35":{"start":{"line":142,"column":20},"end":{"line":150,"column":1}},"36":{"start":{"line":143,"column":2},"end":{"line":148,"column":3}},"37":{"start":{"line":144,"column":4},"end":{"line":147,"column":7}},"38":{"start":{"line":149,"column":2},"end":{"line":149,"column":9}},"39":{"start":{"line":155,"column":21},"end":{"line":163,"column":1}},"40":{"start":{"line":156,"column":2},"end":{"line":161,"column":3}},"41":{"start":{"line":157,"column":4},"end":{"line":160,"column":7}},"42":{"start":{"line":162,"column":2},"end":{"line":162,"column":9}},"43":{"start":{"line":165,"column":0},"end":{"line":171,"column":2}}},"fnMap":{"0":{"name":"(anonymous_0)","decl":{"start":{"line":7,"column":26},"end":{"line":7,"column":27}},"loc":{"start":{"line":7,"column":46},"end":{"line":73,"column":1}},"line":7},"1":{"name":"(anonymous_1)","decl":{"start":{"line":21,"column":46},"end":{"line":21,"column":47}},"loc":{"start":{"line":21,"column":64},"end":{"line":65,"column":5}},"line":21},"2":{"name":"(anonymous_2)","decl":{"start":{"line":79,"column":22},"end":{"line":79,"column":23}},"loc":{"start":{"line":79,"column":42},"end":{"line":105,"column":1}},"line":79},"3":{"name":"(anonymous_3)","decl":{"start":{"line":111,"column":21},"end":{"line":111,"column":22}},"loc":{"start":{"line":111,"column":41},"end":{"line":137,"column":1}},"line":111},"4":{"name":"(anonymous_4)","decl":{"start":{"line":142,"column":20},"end":{"line":142,"column":21}},"loc":{"start":{"line":142,"column":40},"end":{"line":150,"column":1}},"line":142},"5":{"name":"(anonymous_5)","decl":{"start":{"line":155,"column":21},"end":{"line":155,"column":22}},"loc":{"start":{"line":155,"column":41},"end":{"line":163,"column":1}},"line":155}},"branchMap":{"0":{"loc":{"start":{"line":11,"column":18},"end":{"line":11,"column":56}},"type":"binary-expr","locations":[{"start":{"line":11,"column":18},"end":{"line":11,"column":28}},{"start":{"line":11,"column":32},"end":{"line":11,"column":56}}],"line":11},"1":{"loc":{"start":{"line":13,"column":4},"end":{"line":18,"column":5}},"type":"if","locations":[{"start":{"line":13,"column":4},"end":{"line":18,"column":5}},{"start":{},"end":{}}],"line":13},"2":{"loc":{"start":{"line":22,"column":6},"end":{"line":40,"column":7}},"type":"if","locations":[{"start":{"line":22,"column":6},"end":{"line":40,"column":7}},{"start":{},"end":{}}],"line":22},"3":{"loc":{"start":{"line":27,"column":18},"end":{"line":27,"column":60}},"type":"cond-expr","locations":[{"start":{"line":27,"column":43},"end":{"line":27,"column":48}},{"start":{"line":27,"column":51},"end":{"line":27,"column":60}}],"line":27},"4":{"loc":{"start":{"line":30,"column":8},"end":{"line":35,"column":9}},"type":"if","locations":[{"start":{"line":30,"column":8},"end":{"line":35,"column":9}},{"start":{},"end":{}}],"line":30},"5":{"loc":{"start":{"line":43,"column":16},"end":{"line":43,"column":49}},"type":"binary-expr","locations":[{"start":{"line":43,"column":16},"end":{"line":43,"column":30}},{"start":{"line":43,"column":34},"end":{"line":43,"column":49}}],"line":43},"6":{"loc":{"start":{"line":47,"column":18},"end":{"line":47,"column":55}},"type":"binary-expr","locations":[{"start":{"line":47,"column":18},"end":{"line":47,"column":34}},{"start":{"line":47,"column":38},"end":{"line":47,"column":55}}],"line":47},"7":{"loc":{"start":{"line":52,"column":16},"end":{"line":52,"column":49}},"type":"binary-expr","locations":[{"start":{"line":52,"column":16},"end":{"line":52,"column":30}},{"start":{"line":52,"column":34},"end":{"line":52,"column":49}}],"line":52},"8":{"loc":{"start":{"line":54,"column":14},"end":{"line":54,"column":69}},"type":"binary-expr","locations":[{"start":{"line":54,"column":14},"end":{"line":54,"column":33}},{"start":{"line":54,"column":37},"end":{"line":54,"column":49}},{"start":{"line":54,"column":53},"end":{"line":54,"column":69}}],"line":54},"9":{"loc":{"start":{"line":57,"column":18},"end":{"line":57,"column":55}},"type":"binary-expr","locations":[{"start":{"line":57,"column":18},"end":{"line":57,"column":34}},{"start":{"line":57,"column":38},"end":{"line":57,"column":55}}],"line":57},"10":{"loc":{"start":{"line":58,"column":17},"end":{"line":58,"column":52}},"type":"binary-expr","locations":[{"start":{"line":58,"column":17},"end":{"line":58,"column":32}},{"start":{"line":58,"column":36},"end":{"line":58,"column":52}}],"line":58},"11":{"loc":{"start":{"line":59,"column":15},"end":{"line":59,"column":34}},"type":"binary-expr","locations":[{"start":{"line":59,"column":15},"end":{"line":59,"column":28}},{"start":{"line":59,"column":32},"end":{"line":59,"column":34}}],"line":59},"12":{"loc":{"start":{"line":89,"column":24},"end":{"line":92,"column":41}},"type":"binary-expr","locations":[{"start":{"line":89,"column":24},"end":{"line":89,"column":50}},{"start":{"line":90,"column":24},"end":{"line":90,"column":56}},{"start":{"line":91,"column":24},"end":{"line":91,"column":57}},{"start":{"line":92,"column":24},"end":{"line":92,"column":41}}],"line":89},"13":{"loc":{"start":{"line":94,"column":2},"end":{"line":101,"column":3}},"type":"if","locations":[{"start":{"line":94,"column":2},"end":{"line":101,"column":3}},{"start":{},"end":{}}],"line":94},"14":{"loc":{"start":{"line":94,"column":6},"end":{"line":94,"column":49}},"type":"binary-expr","locations":[{"start":{"line":94,"column":6},"end":{"line":94,"column":20}},{"start":{"line":94,"column":24},"end":{"line":94,"column":49}}],"line":94},"15":{"loc":{"start":{"line":121,"column":23},"end":{"line":124,"column":39}},"type":"binary-expr","locations":[{"start":{"line":121,"column":23},"end":{"line":121,"column":48}},{"start":{"line":122,"column":23},"end":{"line":122,"column":54}},{"start":{"line":123,"column":23},"end":{"line":123,"column":55}},{"start":{"line":124,"column":23},"end":{"line":124,"column":39}}],"line":121},"16":{"loc":{"start":{"line":126,"column":2},"end":{"line":133,"column":3}},"type":"if","locations":[{"start":{"line":126,"column":2},"end":{"line":133,"column":3}},{"start":{},"end":{}}],"line":126},"17":{"loc":{"start":{"line":143,"column":2},"end":{"line":148,"column":3}},"type":"if","locations":[{"start":{"line":143,"column":2},"end":{"line":148,"column":3}},{"start":{},"end":{}}],"line":143},"18":{"loc":{"start":{"line":156,"column":2},"end":{"line":161,"column":3}},"type":"if","locations":[{"start":{"line":156,"column":2},"end":{"line":161,"column":3}},{"start":{},"end":{}}],"line":156}},"s":{"0":0,"1":0,"2":0,"3":0,"4":0,"5":0,"6":0,"7":0,"8":0,"9":0,"10":0,"11":0,"12":0,"13":0,"14":0,"15":0,"16":0,"17":0,"18":0,"19":0,"20":0,"21":0,"22":0,"23":0,"24":0,"25":0,"26":0,"27":0,"28":0,"29":0,"30":0,"31":0,"32":0,"33":0,"34":0,"35":0,"36":0,"37":0,"38":0,"39":0,"40":0,"41":0,"42":0,"43":0},"f":{"0":0,"1":0,"2":0,"3":0,"4":0,"5":0},"b":{"0":[0,0],"1":[0,0],"2":[0,0],"3":[0,0],"4":[0,0],"5":[0,0],"6":[0,0],"7":[0,0],"8":[0,0,0],"9":[0,0],"10":[0,0],"11":[0,0],"12":[0,0,0,0],"13":[0,0],"14":[0,0],"15":[0,0,0,0],"16":[0,0],"17":[0,0],"18":[0,0]}}
,"C:\\Users\\HP\\Desktop\\kilimosmart\\backend\\middleware\\upload.js": {"path":"C:\\Users\\HP\\Desktop\\kilimosmart\\backend\\middleware\\upload.js","statementMap":{"0":{"start":{"line":1,"column":15},"end":{"line":1,"column":32}},"1":{"start":{"line":2,"column":30},"end":{"line":2,"column":66}},"2":{"start":{"line":3,"column":47},"end":{"line":3,"column":78}},"3":{"start":{"line":7,"column":0},"end":{"line":30,"column":1}},"4":{"start":{"line":8,"column":2},"end":{"line":8,"column":44}},"5":{"start":{"line":10,"column":2},"end":{"line":26,"column":5}},"6":{"start":{"line":13,"column":23},"end":{"line":13,"column":74}},"7":{"start":{"line":15,"column":6},"end":{"line":24,"column":8}},"8":{"start":{"line":28,"column":2},"end":{"line":28,"column":69}},"9":{"start":{"line":29,"column":2},"end":{"line":29,"column":35}},"10":{"start":{"line":32,"column":19},"end":{"line":40,"column":1}},"11":{"start":{"line":33,"column":23},"end":{"line":33,"column":77}},"12":{"start":{"line":35,"column":2},"end":{"line":39,"column":3}},"13":{"start":{"line":36,"column":4},"end":{"line":36,"column":19}},"14":{"start":{"line":38,"column":4},"end":{"line":38,"column":68}},"15":{"start":{"line":42,"column":15},"end":{"line":49,"column":2}},"16":{"start":{"line":52,"column":0},"end":{"line":52,"column":24}},"17":{"start":{"line":53,"column":0},"end":{"line":53,"column":63}}},"fnMap":{"0":{"name":"(anonymous_0)","decl":{"start":{"line":12,"column":12},"end":{"line":12,"column":13}},"loc":{"start":{"line":12,"column":33},"end":{"line":25,"column":5}},"line":12},"1":{"name":"(anonymous_1)","decl":{"start":{"line":32,"column":19},"end":{"line":32,"column":20}},"loc":{"start":{"line":32,"column":38},"end":{"line":40,"column":1}},"line":32}},"branchMap":{"0":{"loc":{"start":{"line":7,"column":0},"end":{"line":30,"column":1}},"type":"if","locations":[{"start":{"line":7,"column":0},"end":{"line":30,"column":1}},{"start":{"line":27,"column":7},"end":{"line":30,"column":1}}],"line":7},"1":{"loc":{"start":{"line":13,"column":23},"end":{"line":13,"column":74}},"type":"binary-expr","locations":[{"start":{"line":13,"column":23},"end":{"line":13,"column":41}},{"start":{"line":13,"column":45},"end":{"line":13,"column":61}},{"start":{"line":13,"column":65},"end":{"line":13,"column":74}}],"line":13},"2":{"loc":{"start":{"line":35,"column":2},"end":{"line":39,"column":3}},"type":"if","locations":[{"start":{"line":35,"column":2},"end":{"line":39,"column":3}},{"start":{"line":37,"column":9},"end":{"line":39,"column":3}}],"line":35}},"s":{"0":0,"1":0,"2":0,"3":0,"4":0,"5":0,"6":0,"7":0,"8":0,"9":0,"10":0,"11":0,"12":0,"13":0,"14":0,"15":0,"16":0,"17":0},"f":{"0":0,"1":0},"b":{"0":[0,0],"1":[0,0,0],"2":[0,0]}}
,"C:\\Users\\HP\\Desktop\\kilimosmart\\backend\\middleware\\uploadServerless.js": {"path":"C:\\Users\\HP\\Desktop\\kilimosmart\\backend\\middleware\\uploadServerless.js","statementMap":{"0":{"start":{"line":2,"column":19},"end":{"line":2,"column":43}},"1":{"start":{"line":3,"column":35},"end":{"line":3,"column":66}},"2":{"start":{"line":7,"column":30},"end":{"line":60,"column":1}},"3":{"start":{"line":8,"column":2},"end":{"line":59,"column":3}},"4":{"start":{"line":10,"column":4},"end":{"line":15,"column":5}},"5":{"start":{"line":11,"column":6},"end":{"line":14,"column":9}},"6":{"start":{"line":18,"column":4},"end":{"line":21,"column":5}},"7":{"start":{"line":19,"column":6},"end":{"line":19,"column":28}},"8":{"start":{"line":20,"column":6},"end":{"line":20,"column":20}},"9":{"start":{"line":24,"column":27},"end":{"line":41,"column":6}},"10":{"start":{"line":25,"column":6},"end":{"line":40,"column":9}},"11":{"start":{"line":26,"column":23},"end":{"line":37,"column":9}},"12":{"start":{"line":34,"column":12},"end":{"line":35,"column":33}},"13":{"start":{"line":34,"column":23},"end":{"line":34,"column":37}},"14":{"start":{"line":35,"column":17},"end":{"line":35,"column":33}},"15":{"start":{"line":39,"column":8},"end":{"line":39,"column":32}},"16":{"start":{"line":43,"column":26},"end":{"line":43,"column":59}},"17":{"start":{"line":46,"column":4},"end":{"line":50,"column":8}},"18":{"start":{"line":46,"column":52},"end":{"line":50,"column":5}},"19":{"start":{"line":52,"column":4},"end":{"line":52,"column":11}},"20":{"start":{"line":54,"column":4},"end":{"line":54,"column":53}},"21":{"start":{"line":55,"column":4},"end":{"line":58,"column":7}},"22":{"start":{"line":62,"column":0},"end":{"line":65,"column":2}}},"fnMap":{"0":{"name":"(anonymous_0)","decl":{"start":{"line":7,"column":30},"end":{"line":7,"column":31}},"loc":{"start":{"line":7,"column":56},"end":{"line":60,"column":1}},"line":7},"1":{"name":"(anonymous_1)","decl":{"start":{"line":24,"column":41},"end":{"line":24,"column":42}},"loc":{"start":{"line":24,"column":49},"end":{"line":41,"column":5}},"line":24},"2":{"name":"(anonymous_2)","decl":{"start":{"line":25,"column":25},"end":{"line":25,"column":26}},"loc":{"start":{"line":25,"column":46},"end":{"line":40,"column":7}},"line":25},"3":{"name":"(anonymous_3)","decl":{"start":{"line":33,"column":10},"end":{"line":33,"column":11}},"loc":{"start":{"line":33,"column":29},"end":{"line":36,"column":11}},"line":33},"4":{"name":"(anonymous_4)","decl":{"start":{"line":46,"column":41},"end":{"line":46,"column":42}},"loc":{"start":{"line":46,"column":52},"end":{"line":50,"column":5}},"line":46}},"branchMap":{"0":{"loc":{"start":{"line":10,"column":4},"end":{"line":15,"column":5}},"type":"if","locations":[{"start":{"line":10,"column":4},"end":{"line":15,"column":5}},{"start":{},"end":{}}],"line":10},"1":{"loc":{"start":{"line":18,"column":4},"end":{"line":21,"column":5}},"type":"if","locations":[{"start":{"line":18,"column":4},"end":{"line":21,"column":5}},{"start":{},"end":{}}],"line":18},"2":{"loc":{"start":{"line":18,"column":8},"end":{"line":18,"column":44}},"type":"binary-expr","locations":[{"start":{"line":18,"column":8},"end":{"line":18,"column":18}},{"start":{"line":18,"column":22},"end":{"line":18,"column":44}}],"line":18},"3":{"loc":{"start":{"line":28,"column":44},"end":{"line":28,"column":75}},"type":"binary-expr","locations":[{"start":{"line":28,"column":44},"end":{"line":28,"column":62}},{"start":{"line":28,"column":66},"end":{"line":28,"column":75}}],"line":28},"4":{"loc":{"start":{"line":34,"column":12},"end":{"line":35,"column":33}},"type":"if","locations":[{"start":{"line":34,"column":12},"end":{"line":35,"column":33}},{"start":{"line":35,"column":17},"end":{"line":35,"column":33}}],"line":34}},"s":{"0":0,"1":0,"2":0,"3":0,"4":0,"5":0,"6":0,"7":0,"8":0,"9":0,"10":0,"11":0,"12":0,"13":0,"14":0,"15":0,"16":0,"17":0,"18":0,"19":0,"20":0,"21":0,"22":0},"f":{"0":0,"1":0,"2":0,"3":0,"4":0},"b":{"0":[0,0],"1":[0,0],"2":[0,0],"3":[0,0],"4":[0,0]}}
,"C:\\Users\\HP\\Desktop\\kilimosmart\\backend\\routes\\admin.js": {"path":"C:\\Users\\HP\\Desktop\\kilimosmart\\backend\\routes\\admin.js","statementMap":{"0":{"start":{"line":1,"column":16},"end":{"line":1,"column":34}},"1":{"start":{"line":2,"column":15},"end":{"line":2,"column":31}},"2":{"start":{"line":3,"column":18},"end":{"line":3,"column":47}},"3":{"start":{"line":4,"column":44},"end":{"line":4,"column":73}},"4":{"start":{"line":7,"column":0},"end":{"line":7,"column":30}},"5":{"start":{"line":8,"column":0},"end":{"line":8,"column":25}},"6":{"start":{"line":14,"column":0},"end":{"line":78,"column":3}},"7":{"start":{"line":15,"column":2},"end":{"line":77,"column":3}},"8":{"start":{"line":17,"column":17},"end":{"line":17,"column":46}},"9":{"start":{"line":18,"column":18},"end":{"line":18,"column":64}},"10":{"start":{"line":19,"column":19},"end":{"line":19,"column":37}},"11":{"start":{"line":20,"column":19},"end":{"line":20,"column":68}},"12":{"start":{"line":21,"column":21},"end":{"line":21,"column":88}},"13":{"start":{"line":23,"column":19},"end":{"line":23,"column":21}},"14":{"start":{"line":24,"column":26},"end":{"line":24,"column":28}},"15":{"start":{"line":27,"column":4},"end":{"line":30,"column":5}},"16":{"start":{"line":28,"column":6},"end":{"line":28,"column":155}},"17":{"start":{"line":29,"column":6},"end":{"line":29,"column":33}},"18":{"start":{"line":33,"column":4},"end":{"line":36,"column":5}},"19":{"start":{"line":34,"column":6},"end":{"line":34,"column":66}},"20":{"start":{"line":35,"column":6},"end":{"line":35,"column":28}},"21":{"start":{"line":38,"column":24},"end":{"line":38,"column":98}},"22":{"start":{"line":41,"column":24},"end":{"line":41,"column":315}},"23":{"start":{"line":42,"column":23},"end":{"line":42,"column":78}},"24":{"start":{"line":44,"column":4},"end":{"line":44,"column":31}},"25":{"start":{"line":45,"column":17},"end":{"line":45,"column":49}},"26":{"start":{"line":48,"column":24},"end":{"line":48,"column":43}},"27":{"start":{"line":49,"column":21},"end":{"line":49,"column":57}},"28":{"start":{"line":52,"column":23},"end":{"line":58,"column":5}},"29":{"start":{"line":59,"column":21},"end":{"line":59,"column":44}},"30":{"start":{"line":60,"column":18},"end":{"line":64,"column":5}},"31":{"start":{"line":66,"column":4},"end":{"line":73,"column":7}},"32":{"start":{"line":75,"column":4},"end":{"line":75,"column":52}},"33":{"start":{"line":76,"column":4},"end":{"line":76,"column":161}},"34":{"start":{"line":82,"column":0},"end":{"line":108,"column":3}},"35":{"start":{"line":83,"column":2},"end":{"line":107,"column":3}},"36":{"start":{"line":84,"column":19},"end":{"line":84,"column":32}},"37":{"start":{"line":85,"column":20},"end":{"line":89,"column":5}},"38":{"start":{"line":91,"column":4},"end":{"line":93,"column":5}},"39":{"start":{"line":92,"column":6},"end":{"line":92,"column":81}},"40":{"start":{"line":96,"column":22},"end":{"line":96,"column":153}},"41":{"start":{"line":97,"column":24},"end":{"line":97,"column":208}},"42":{"start":{"line":99,"column":17},"end":{"line":99,"column":32}},"43":{"start":{"line":100,"column":4},"end":{"line":100,"column":61}},"44":{"start":{"line":101,"column":4},"end":{"line":101,"column":65}},"45":{"start":{"line":103,"column":4},"end":{"line":103,"column":57}},"46":{"start":{"line":105,"column":4},"end":{"line":105,"column":56}},"47":{"start":{"line":106,"column":4},"end":{"line":106,"column":168}},"48":{"start":{"line":114,"column":0},"end":{"line":145,"column":3}},"49":{"start":{"line":115,"column":2},"end":{"line":144,"column":3}},"50":{"start":{"line":117,"column":17},"end":{"line":117,"column":46}},"51":{"start":{"line":118,"column":18},"end":{"line":118,"column":64}},"52":{"start":{"line":119,"column":19},"end":{"line":119,"column":37}},"53":{"start":{"line":120,"column":17},"end":{"line":120,"column":41}},"54":{"start":{"line":122,"column":19},"end":{"line":122,"column":21}},"55":{"start":{"line":123,"column":17},"end":{"line":123,"column":19}},"56":{"start":{"line":125,"column":4},"end":{"line":131,"column":5}},"57":{"start":{"line":126,"column":16},"end":{"line":126,"column":294}},"58":{"start":{"line":127,"column":21},"end":{"line":127,"column":73}},"59":{"start":{"line":128,"column":6},"end":{"line":128,"column":24}},"60":{"start":{"line":130,"column":6},"end":{"line":130,"column":78}},"61":{"start":{"line":133,"column":4},"end":{"line":138,"column":5}},"62":{"start":{"line":134,"column":16},"end":{"line":134,"column":279}},"63":{"start":{"line":135,"column":21},"end":{"line":135,"column":73}},"64":{"start":{"line":136,"column":6},"end":{"line":136,"column":22}},"65":{"start":{"line":137,"column":6},"end":{"line":137,"column":76}},"66":{"start":{"line":140,"column":4},"end":{"line":140,"column":69}},"67":{"start":{"line":142,"column":4},"end":{"line":142,"column":59}},"68":{"start":{"line":143,"column":4},"end":{"line":143,"column":168}},"69":{"start":{"line":149,"column":0},"end":{"line":170,"column":3}},"70":{"start":{"line":150,"column":2},"end":{"line":169,"column":3}},"71":{"start":{"line":151,"column":20},"end":{"line":151,"column":33}},"72":{"start":{"line":152,"column":21},"end":{"line":156,"column":5}},"73":{"start":{"line":158,"column":4},"end":{"line":158,"column":112}},"74":{"start":{"line":158,"column":36},"end":{"line":158,"column":112}},"75":{"start":{"line":160,"column":21},"end":{"line":163,"column":5}},"76":{"start":{"line":165,"column":4},"end":{"line":165,"column":98}},"77":{"start":{"line":167,"column":4},"end":{"line":167,"column":57}},"78":{"start":{"line":168,"column":4},"end":{"line":168,"column":169}},"79":{"start":{"line":176,"column":0},"end":{"line":200,"column":3}},"80":{"start":{"line":177,"column":2},"end":{"line":199,"column":3}},"81":{"start":{"line":178,"column":23},"end":{"line":178,"column":74}},"82":{"start":{"line":179,"column":25},"end":{"line":179,"column":76}},"83":{"start":{"line":180,"column":24},"end":{"line":180,"column":74}},"84":{"start":{"line":181,"column":26},"end":{"line":181,"column":78}},"85":{"start":{"line":182,"column":24},"end":{"line":182,"column":76}},"86":{"start":{"line":183,"column":20},"end":{"line":183,"column":87}},"87":{"start":{"line":185,"column":4},"end":{"line":195,"column":7}},"88":{"start":{"line":197,"column":4},"end":{"line":197,"column":52}},"89":{"start":{"line":198,"column":4},"end":{"line":198,"column":161}},"90":{"start":{"line":206,"column":0},"end":{"line":229,"column":3}},"91":{"start":{"line":207,"column":2},"end":{"line":228,"column":3}},"92":{"start":{"line":208,"column":19},"end":{"line":217,"column":6}},"93":{"start":{"line":219,"column":17},"end":{"line":222,"column":7}},"94":{"start":{"line":219,"column":41},"end":{"line":222,"column":5}},"95":{"start":{"line":224,"column":4},"end":{"line":224,"column":57}},"96":{"start":{"line":226,"column":4},"end":{"line":226,"column":62}},"97":{"start":{"line":227,"column":4},"end":{"line":227,"column":166}},"98":{"start":{"line":231,"column":0},"end":{"line":231,"column":24}}},"fnMap":{"0":{"name":"(anonymous_0)","decl":{"start":{"line":14,"column":21},"end":{"line":14,"column":22}},"loc":{"start":{"line":14,"column":41},"end":{"line":78,"column":1}},"line":14},"1":{"name":"(anonymous_1)","decl":{"start":{"line":82,"column":25},"end":{"line":82,"column":26}},"loc":{"start":{"line":82,"column":45},"end":{"line":108,"column":1}},"line":82},"2":{"name":"(anonymous_2)","decl":{"start":{"line":114,"column":28},"end":{"line":114,"column":29}},"loc":{"start":{"line":114,"column":48},"end":{"line":145,"column":1}},"line":114},"3":{"name":"(anonymous_3)","decl":{"start":{"line":149,"column":26},"end":{"line":149,"column":27}},"loc":{"start":{"line":149,"column":46},"end":{"line":170,"column":1}},"line":149},"4":{"name":"(anonymous_4)","decl":{"start":{"line":176,"column":21},"end":{"line":176,"column":22}},"loc":{"start":{"line":176,"column":41},"end":{"line":200,"column":1}},"line":176},"5":{"name":"(anonymous_5)","decl":{"start":{"line":206,"column":31},"end":{"line":206,"column":32}},"loc":{"start":{"line":206,"column":51},"end":{"line":229,"column":1}},"line":206},"6":{"name":"(anonymous_6)","decl":{"start":{"line":219,"column":33},"end":{"line":219,"column":34}},"loc":{"start":{"line":219,"column":41},"end":{"line":222,"column":5}},"line":219}},"branchMap":{"0":{"loc":{"start":{"line":17,"column":17},"end":{"line":17,"column":46}},"type":"binary-expr","locations":[{"start":{"line":17,"column":17},"end":{"line":17,"column":41}},{"start":{"line":17,"column":45},"end":{"line":17,"column":46}}],"line":17},"1":{"loc":{"start":{"line":18,"column":27},"end":{"line":18,"column":58}},"type":"binary-expr","locations":[{"start":{"line":18,"column":27},"end":{"line":18,"column":52}},{"start":{"line":18,"column":56},"end":{"line":18,"column":58}}],"line":18},"2":{"loc":{"start":{"line":20,"column":19},"end":{"line":20,"column":68}},"type":"cond-expr","locations":[{"start":{"line":20,"column":38},"end":{"line":20,"column":61}},{"start":{"line":20,"column":64},"end":{"line":20,"column":68}}],"line":20},"3":{"loc":{"start":{"line":21,"column":21},"end":{"line":21,"column":88}},"type":"cond-expr","locations":[{"start":{"line":21,"column":42},"end":{"line":21,"column":81}},{"start":{"line":21,"column":84},"end":{"line":21,"column":88}}],"line":21},"4":{"loc":{"start":{"line":27,"column":4},"end":{"line":30,"column":5}},"type":"if","locations":[{"start":{"line":27,"column":4},"end":{"line":30,"column":5}},{"start":{},"end":{}}],"line":27},"5":{"loc":{"start":{"line":33,"column":4},"end":{"line":36,"column":5}},"type":"if","locations":[{"start":{"line":33,"column":4},"end":{"line":36,"column":5}},{"start":{},"end":{}}],"line":33},"6":{"loc":{"start":{"line":33,"column":8},"end":{"line":33,"column":67}},"type":"binary-expr","locations":[{"start":{"line":33,"column":8},"end":{"line":33,"column":16}},{"start":{"line":33,"column":21},"end":{"line":33,"column":42}},{"start":{"line":33,"column":46},"end":{"line":33,"column":66}}],"line":33},"7":{"loc":{"start":{"line":38,"column":24},"end":{"line":38,"column":98}},"type":"cond-expr","locations":[{"start":{"line":38,"column":53},"end":{"line":38,"column":93}},{"start":{"line":38,"column":96},"end":{"line":38,"column":98}}],"line":38},"8":{"loc":{"start":{"line":61,"column":22},"end":{"line":61,"column":49}},"type":"binary-expr","locations":[{"start":{"line":61,"column":22},"end":{"line":61,"column":44}},{"start":{"line":61,"column":48},"end":{"line":61,"column":49}}],"line":61},"9":{"loc":{"start":{"line":62,"column":24},"end":{"line":62,"column":53}},"type":"binary-expr","locations":[{"start":{"line":62,"column":24},"end":{"line":62,"column":48}},{"start":{"line":62,"column":52},"end":{"line":62,"column":53}}],"line":62},"10":{"loc":{"start":{"line":63,"column":23},"end":{"line":63,"column":51}},"type":"binary-expr","locations":[{"start":{"line":63,"column":23},"end":{"line":63,"column":46}},{"start":{"line":63,"column":50},"end":{"line":63,"column":51}}],"line":63},"11":{"loc":{"start":{"line":76,"column":91},"end":{"line":76,"column":157}},"type":"cond-expr","locations":[{"start":{"line":76,"column":132},"end":{"line":76,"column":145}},{"start":{"line":76,"column":148},"end":{"line":76,"column":157}}],"line":76},"12":{"loc":{"start":{"line":91,"column":4},"end":{"line":93,"column":5}},"type":"if","locations":[{"start":{"line":91,"column":4},"end":{"line":93,"column":5}},{"start":{},"end":{}}],"line":91},"13":{"loc":{"start":{"line":100,"column":31},"end":{"line":100,"column":59}},"type":"binary-expr","locations":[{"start":{"line":100,"column":31},"end":{"line":100,"column":54}},{"start":{"line":100,"column":58},"end":{"line":100,"column":59}}],"line":100},"14":{"loc":{"start":{"line":101,"column":33},"end":{"line":101,"column":63}},"type":"binary-expr","locations":[{"start":{"line":101,"column":33},"end":{"line":101,"column":58}},{"start":{"line":101,"column":62},"end":{"line":101,"column":63}}],"line":101},"15":{"loc":{"start":{"line":106,"column":98},"end":{"line":106,"column":164}},"type":"cond-expr","locations":[{"start":{"line":106,"column":139},"end":{"line":106,"column":152}},{"start":{"line":106,"column":155},"end":{"line":106,"column":164}}],"line":106},"16":{"loc":{"start":{"line":117,"column":17},"end":{"line":117,"column":46}},"type":"binary-expr","locations":[{"start":{"line":117,"column":17},"end":{"line":117,"column":41}},{"start":{"line":117,"column":45},"end":{"line":117,"column":46}}],"line":117},"17":{"loc":{"start":{"line":118,"column":27},"end":{"line":118,"column":58}},"type":"binary-expr","locations":[{"start":{"line":118,"column":27},"end":{"line":118,"column":52}},{"start":{"line":118,"column":56},"end":{"line":118,"column":58}}],"line":118},"18":{"loc":{"start":{"line":120,"column":17},"end":{"line":120,"column":41}},"type":"binary-expr","locations":[{"start":{"line":120,"column":17},"end":{"line":120,"column":31}},{"start":{"line":120,"column":35},"end":{"line":120,"column":41}}],"line":120},"19":{"loc":{"start":{"line":125,"column":4},"end":{"line":131,"column":5}},"type":"if","locations":[{"start":{"line":125,"column":4},"end":{"line":131,"column":5}},{"start":{},"end":{}}],"line":125},"20":{"loc":{"start":{"line":125,"column":8},"end":{"line":125,"column":46}},"type":"binary-expr","locations":[{"start":{"line":125,"column":8},"end":{"line":125,"column":27}},{"start":{"line":125,"column":31},"end":{"line":125,"column":46}}],"line":125},"21":{"loc":{"start":{"line":133,"column":4},"end":{"line":138,"column":5}},"type":"if","locations":[{"start":{"line":133,"column":4},"end":{"line":138,"column":5}},{"start":{},"end":{}}],"line":133},"22":{"loc":{"start":{"line":133,"column":8},"end":{"line":133,"column":44}},"type":"binary-expr","locations":[{"start":{"line":133,"column":8},"end":{"line":133,"column":25}},{"start":{"line":133,"column":29},"end":{"line":133,"column":44}}],"line":133},"23":{"loc":{"start":{"line":143,"column":98},"end":{"line":143,"column":164}},"type":"cond-expr","locations":[{"start":{"line":143,"column":139},"end":{"line":143,"column":152}},{"start":{"line":143,"column":155},"end":{"line":143,"column":164}}],"line":143},"24":{"loc":{"start":{"line":158,"column":4},"end":{"line":158,"column":112}},"type":"if","locations":[{"start":{"line":158,"column":4},"end":{"line":158,"column":112}},{"start":{},"end":{}}],"line":158},"25":{"loc":{"start":{"line":168,"column":99},"end":{"line":168,"column":165}},"type":"cond-expr","locations":[{"start":{"line":168,"column":140},"end":{"line":168,"column":153}},{"start":{"line":168,"column":156},"end":{"line":168,"column":165}}],"line":168},"26":{"loc":{"start":{"line":198,"column":91},"end":{"line":198,"column":157}},"type":"cond-expr","locations":[{"start":{"line":198,"column":132},"end":{"line":198,"column":145}},{"start":{"line":198,"column":148},"end":{"line":198,"column":157}}],"line":198},"27":{"loc":{"start":{"line":227,"column":96},"end":{"line":227,"column":162}},"type":"cond-expr","locations":[{"start":{"line":227,"column":137},"end":{"line":227,"column":150}},{"start":{"line":227,"column":153},"end":{"line":227,"column":162}}],"line":227}},"s":{"0":0,"1":0,"2":0,"3":0,"4":0,"5":0,"6":0,"7":0,"8":0,"9":0,"10":0,"11":0,"12":0,"13":0,"14":0,"15":0,"16":0,"17":0,"18":0,"19":0,"20":0,"21":0,"22":0,"23":0,"24":0,"25":0,"26":0,"27":0,"28":0,"29":0,"30":0,"31":0,"32":0,"33":0,"34":0,"35":0,"36":0,"37":0,"38":0,"39":0,"40":0,"41":0,"42":0,"43":0,"44":0,"45":0,"46":0,"47":0,"48":0,"49":0,"50":0,"51":0,"52":0,"53":0,"54":0,"55":0,"56":0,"57":0,"58":0,"59":0,"60":0,"61":0,"62":0,"63":0,"64":0,"65":0,"66":0,"67":0,"68":0,"69":0,"70":0,"71":0,"72":0,"73":0,"74":0,"75":0,"76":0,"77":0,"78":0,"79":0,"80":0,"81":0,"82":0,"83":0,"84":0,"85":0,"86":0,"87":0,"88":0,"89":0,"90":0,"91":0,"92":0,"93":0,"94":0,"95":0,"96":0,"97":0,"98":0},"f":{"0":0,"1":0,"2":0,"3":0,"4":0,"5":0,"6":0},"b":{"0":[0,0],"1":[0,0],"2":[0,0],"3":[0,0],"4":[0,0],"5":[0,0],"6":[0,0,0],"7":[0,0],"8":[0,0],"9":[0,0],"10":[0,0],"11":[0,0],"12":[0,0],"13":[0,0],"14":[0,0],"15":[0,0],"16":[0,0],"17":[0,0],"18":[0,0],"19":[0,0],"20":[0,0],"21":[0,0],"22":[0,0],"23":[0,0],"24":[0,0],"25":[0,0],"26":[0,0],"27":[0,0]}}
,"C:\\Users\\HP\\Desktop\\kilimosmart\\backend\\routes\\auth.js": {"path":"C:\\Users\\HP\\Desktop\\kilimosmart\\backend\\routes\\auth.js","statementMap":{"0":{"start":{"line":1,"column":16},"end":{"line":1,"column":34}},"1":{"start":{"line":2,"column":15},"end":{"line":2,"column":31}},"2":{"start":{"line":3,"column":15},"end":{"line":3,"column":34}},"3":{"start":{"line":4,"column":12},"end":{"line":4,"column":35}},"4":{"start":{"line":5,"column":18},"end":{"line":5,"column":47}},"5":{"start":{"line":6,"column":29},"end":{"line":6,"column":58}},"6":{"start":{"line":7,"column":70},"end":{"line":7,"column":98}},"7":{"start":{"line":8,"column":43},"end":{"line":8,"column":75}},"8":{"start":{"line":11,"column":19},"end":{"line":22,"column":2}},"9":{"start":{"line":25,"column":0},"end":{"line":127,"column":3}},"10":{"start":{"line":26,"column":29},"end":{"line":26,"column":37}},"11":{"start":{"line":28,"column":2},"end":{"line":126,"column":3}},"12":{"start":{"line":30,"column":4},"end":{"line":35,"column":5}},"13":{"start":{"line":31,"column":6},"end":{"line":34,"column":9}},"14":{"start":{"line":38,"column":4},"end":{"line":43,"column":5}},"15":{"start":{"line":39,"column":6},"end":{"line":42,"column":9}},"16":{"start":{"line":46,"column":23},"end":{"line":46,"column":51}},"17":{"start":{"line":47,"column":4},"end":{"line":52,"column":5}},"18":{"start":{"line":48,"column":6},"end":{"line":51,"column":9}},"19":{"start":{"line":55,"column":4},"end":{"line":67,"column":5}},"20":{"start":{"line":56,"column":24},"end":{"line":59,"column":7}},"21":{"start":{"line":61,"column":6},"end":{"line":66,"column":7}},"22":{"start":{"line":62,"column":8},"end":{"line":65,"column":11}},"23":{"start":{"line":70,"column":4},"end":{"line":82,"column":5}},"24":{"start":{"line":71,"column":24},"end":{"line":74,"column":7}},"25":{"start":{"line":76,"column":6},"end":{"line":81,"column":7}},"26":{"start":{"line":77,"column":8},"end":{"line":80,"column":11}},"27":{"start":{"line":85,"column":4},"end":{"line":88,"column":6}},"28":{"start":{"line":91,"column":20},"end":{"line":91,"column":70}},"29":{"start":{"line":92,"column":22},"end":{"line":92,"column":89}},"30":{"start":{"line":95,"column":4},"end":{"line":107,"column":6}},"31":{"start":{"line":110,"column":4},"end":{"line":110,"column":48}},"32":{"start":{"line":112,"column":4},"end":{"line":117,"column":7}},"33":{"start":{"line":120,"column":4},"end":{"line":120,"column":44}},"34":{"start":{"line":121,"column":4},"end":{"line":125,"column":7}},"35":{"start":{"line":130,"column":0},"end":{"line":350,"column":3}},"36":{"start":{"line":131,"column":34},"end":{"line":131,"column":42}},"37":{"start":{"line":133,"column":2},"end":{"line":349,"column":3}},"38":{"start":{"line":135,"column":4},"end":{"line":140,"column":5}},"39":{"start":{"line":136,"column":6},"end":{"line":139,"column":9}},"40":{"start":{"line":143,"column":19},"end":{"line":151,"column":5}},"41":{"start":{"line":153,"column":4},"end":{"line":158,"column":5}},"42":{"start":{"line":154,"column":6},"end":{"line":157,"column":9}},"43":{"start":{"line":160,"column":22},"end":{"line":160,"column":36}},"44":{"start":{"line":163,"column":4},"end":{"line":168,"column":5}},"45":{"start":{"line":164,"column":6},"end":{"line":167,"column":9}},"46":{"start":{"line":171,"column":4},"end":{"line":177,"column":5}},"47":{"start":{"line":172,"column":6},"end":{"line":176,"column":9}},"48":{"start":{"line":180,"column":20},"end":{"line":180,"column":54}},"49":{"start":{"line":182,"column":4},"end":{"line":196,"column":5}},"50":{"start":{"line":184,"column":6},"end":{"line":187,"column":8}},"51":{"start":{"line":189,"column":32},"end":{"line":189,"column":79}},"52":{"start":{"line":191,"column":6},"end":{"line":195,"column":9}},"53":{"start":{"line":199,"column":4},"end":{"line":202,"column":6}},"54":{"start":{"line":205,"column":4},"end":{"line":279,"column":5}},"55":{"start":{"line":206,"column":25},"end":{"line":213,"column":7}},"56":{"start":{"line":215,"column":6},"end":{"line":220,"column":7}},"57":{"start":{"line":216,"column":8},"end":{"line":219,"column":11}},"58":{"start":{"line":222,"column":19},"end":{"line":222,"column":37}},"59":{"start":{"line":225,"column":6},"end":{"line":228,"column":8}},"60":{"start":{"line":231,"column":26},"end":{"line":235,"column":7}},"61":{"start":{"line":236,"column":24},"end":{"line":236,"column":62}},"62":{"start":{"line":236,"column":50},"end":{"line":236,"column":61}},"63":{"start":{"line":239,"column":25},"end":{"line":239,"column":59}},"64":{"start":{"line":242,"column":20},"end":{"line":254,"column":7}},"65":{"start":{"line":256,"column":6},"end":{"line":278,"column":9}},"66":{"start":{"line":282,"column":4},"end":{"line":334,"column":5}},"67":{"start":{"line":283,"column":25},"end":{"line":288,"column":7}},"68":{"start":{"line":290,"column":6},"end":{"line":295,"column":7}},"69":{"start":{"line":291,"column":8},"end":{"line":294,"column":11}},"70":{"start":{"line":297,"column":19},"end":{"line":297,"column":37}},"71":{"start":{"line":300,"column":6},"end":{"line":303,"column":8}},"72":{"start":{"line":306,"column":20},"end":{"line":315,"column":7}},"73":{"start":{"line":317,"column":6},"end":{"line":333,"column":9}},"74":{"start":{"line":337,"column":4},"end":{"line":340,"column":7}},"75":{"start":{"line":343,"column":4},"end":{"line":343,"column":46}},"76":{"start":{"line":344,"column":4},"end":{"line":348,"column":7}},"77":{"start":{"line":356,"column":0},"end":{"line":421,"column":3}},"78":{"start":{"line":357,"column":30},"end":{"line":357,"column":38}},"79":{"start":{"line":359,"column":2},"end":{"line":420,"column":3}},"80":{"start":{"line":361,"column":4},"end":{"line":366,"column":5}},"81":{"start":{"line":362,"column":6},"end":{"line":365,"column":9}},"82":{"start":{"line":369,"column":19},"end":{"line":374,"column":5}},"83":{"start":{"line":376,"column":4},"end":{"line":381,"column":5}},"84":{"start":{"line":377,"column":6},"end":{"line":380,"column":9}},"85":{"start":{"line":383,"column":17},"end":{"line":383,"column":31}},"86":{"start":{"line":394,"column":28},"end":{"line":394,"column":78}},"87":{"start":{"line":396,"column":4},"end":{"line":401,"column":5}},"88":{"start":{"line":397,"column":6},"end":{"line":400,"column":9}},"89":{"start":{"line":403,"column":4},"end":{"line":411,"column":7}},"90":{"start":{"line":414,"column":4},"end":{"line":414,"column":54}},"91":{"start":{"line":415,"column":4},"end":{"line":419,"column":7}},"92":{"start":{"line":427,"column":0},"end":{"line":579,"column":3}},"93":{"start":{"line":440,"column":6},"end":{"line":440,"column":14}},"94":{"start":{"line":443,"column":17},"end":{"line":443,"column":34}},"95":{"start":{"line":445,"column":2},"end":{"line":578,"column":3}},"96":{"start":{"line":447,"column":4},"end":{"line":452,"column":5}},"97":{"start":{"line":448,"column":6},"end":{"line":451,"column":9}},"98":{"start":{"line":455,"column":4},"end":{"line":460,"column":5}},"99":{"start":{"line":456,"column":6},"end":{"line":459,"column":9}},"100":{"start":{"line":463,"column":23},"end":{"line":466,"column":5}},"101":{"start":{"line":468,"column":4},"end":{"line":473,"column":5}},"102":{"start":{"line":469,"column":6},"end":{"line":472,"column":9}},"103":{"start":{"line":476,"column":23},"end":{"line":476,"column":25}},"104":{"start":{"line":477,"column":27},"end":{"line":477,"column":66}},"105":{"start":{"line":480,"column":4},"end":{"line":480,"column":32}},"106":{"start":{"line":483,"column":23},"end":{"line":488,"column":5}},"107":{"start":{"line":490,"column":17},"end":{"line":490,"column":35}},"108":{"start":{"line":493,"column":21},"end":{"line":493,"column":25}},"109":{"start":{"line":494,"column":4},"end":{"line":509,"column":5}},"110":{"start":{"line":495,"column":29},"end":{"line":507,"column":7}},"111":{"start":{"line":508,"column":6},"end":{"line":508,"column":54}},"112":{"start":{"line":512,"column":25},"end":{"line":517,"column":5}},"113":{"start":{"line":519,"column":19},"end":{"line":519,"column":39}},"114":{"start":{"line":522,"column":4},"end":{"line":522,"column":33}},"115":{"start":{"line":525,"column":18},"end":{"line":534,"column":5}},"116":{"start":{"line":537,"column":4},"end":{"line":539,"column":6}},"117":{"start":{"line":538,"column":6},"end":{"line":538,"column":48}},"118":{"start":{"line":541,"column":4},"end":{"line":563,"column":7}},"119":{"start":{"line":567,"column":4},"end":{"line":567,"column":35}},"120":{"start":{"line":568,"column":4},"end":{"line":568,"column":49}},"121":{"start":{"line":570,"column":4},"end":{"line":574,"column":7}},"122":{"start":{"line":577,"column":4},"end":{"line":577,"column":21}},"123":{"start":{"line":585,"column":0},"end":{"line":661,"column":3}},"124":{"start":{"line":586,"column":30},"end":{"line":586,"column":38}},"125":{"start":{"line":588,"column":2},"end":{"line":660,"column":3}},"126":{"start":{"line":590,"column":4},"end":{"line":595,"column":5}},"127":{"start":{"line":591,"column":6},"end":{"line":594,"column":9}},"128":{"start":{"line":598,"column":19},"end":{"line":603,"column":5}},"129":{"start":{"line":605,"column":4},"end":{"line":610,"column":5}},"130":{"start":{"line":606,"column":6},"end":{"line":609,"column":9}},"131":{"start":{"line":612,"column":17},"end":{"line":612,"column":31}},"132":{"start":{"line":615,"column":28},"end":{"line":615,"column":78}},"133":{"start":{"line":617,"column":4},"end":{"line":622,"column":5}},"134":{"start":{"line":618,"column":6},"end":{"line":621,"column":9}},"135":{"start":{"line":625,"column":18},"end":{"line":634,"column":5}},"136":{"start":{"line":636,"column":4},"end":{"line":651,"column":7}},"137":{"start":{"line":654,"column":4},"end":{"line":654,"column":60}},"138":{"start":{"line":655,"column":4},"end":{"line":659,"column":7}},"139":{"start":{"line":667,"column":0},"end":{"line":683,"column":3}},"140":{"start":{"line":668,"column":30},"end":{"line":668,"column":38}},"141":{"start":{"line":670,"column":21},"end":{"line":670,"column":44}},"142":{"start":{"line":671,"column":24},"end":{"line":671,"column":50}},"143":{"start":{"line":673,"column":2},"end":{"line":680,"column":3}},"144":{"start":{"line":674,"column":18},"end":{"line":678,"column":51}},"145":{"start":{"line":679,"column":4},"end":{"line":679,"column":46}},"146":{"start":{"line":682,"column":2},"end":{"line":682,"column":82}},"147":{"start":{"line":689,"column":0},"end":{"line":819,"column":3}},"148":{"start":{"line":701,"column":6},"end":{"line":701,"column":14}},"149":{"start":{"line":704,"column":17},"end":{"line":704,"column":34}},"150":{"start":{"line":706,"column":2},"end":{"line":818,"column":3}},"151":{"start":{"line":708,"column":4},"end":{"line":713,"column":5}},"152":{"start":{"line":709,"column":6},"end":{"line":712,"column":9}},"153":{"start":{"line":716,"column":25},"end":{"line":719,"column":5}},"154":{"start":{"line":721,"column":4},"end":{"line":726,"column":5}},"155":{"start":{"line":722,"column":6},"end":{"line":725,"column":9}},"156":{"start":{"line":729,"column":23},"end":{"line":729,"column":25}},"157":{"start":{"line":730,"column":27},"end":{"line":730,"column":66}},"158":{"start":{"line":733,"column":4},"end":{"line":733,"column":32}},"159":{"start":{"line":736,"column":23},"end":{"line":741,"column":5}},"160":{"start":{"line":743,"column":17},"end":{"line":743,"column":35}},"161":{"start":{"line":746,"column":24},"end":{"line":757,"column":5}},"162":{"start":{"line":759,"column":18},"end":{"line":759,"column":37}},"163":{"start":{"line":762,"column":4},"end":{"line":762,"column":33}},"164":{"start":{"line":765,"column":18},"end":{"line":774,"column":5}},"165":{"start":{"line":777,"column":4},"end":{"line":779,"column":6}},"166":{"start":{"line":778,"column":6},"end":{"line":778,"column":48}},"167":{"start":{"line":781,"column":4},"end":{"line":803,"column":7}},"168":{"start":{"line":807,"column":4},"end":{"line":807,"column":35}},"169":{"start":{"line":808,"column":4},"end":{"line":808,"column":48}},"170":{"start":{"line":810,"column":4},"end":{"line":814,"column":7}},"171":{"start":{"line":817,"column":4},"end":{"line":817,"column":21}},"172":{"start":{"line":821,"column":0},"end":{"line":821,"column":24}}},"fnMap":{"0":{"name":"(anonymous_0)","decl":{"start":{"line":25,"column":37},"end":{"line":25,"column":38}},"loc":{"start":{"line":25,"column":57},"end":{"line":127,"column":1}},"line":25},"1":{"name":"(anonymous_1)","decl":{"start":{"line":130,"column":27},"end":{"line":130,"column":28}},"loc":{"start":{"line":130,"column":47},"end":{"line":350,"column":1}},"line":130},"2":{"name":"(anonymous_2)","decl":{"start":{"line":236,"column":45},"end":{"line":236,"column":46}},"loc":{"start":{"line":236,"column":50},"end":{"line":236,"column":61}},"line":236},"3":{"name":"(anonymous_3)","decl":{"start":{"line":356,"column":42},"end":{"line":356,"column":43}},"loc":{"start":{"line":356,"column":62},"end":{"line":421,"column":1}},"line":356},"4":{"name":"(anonymous_4)","decl":{"start":{"line":427,"column":30},"end":{"line":427,"column":31}},"loc":{"start":{"line":427,"column":50},"end":{"line":579,"column":1}},"line":427},"5":{"name":"(anonymous_5)","decl":{"start":{"line":537,"column":45},"end":{"line":537,"column":46}},"loc":{"start":{"line":538,"column":6},"end":{"line":538,"column":48}},"line":538},"6":{"name":"(anonymous_6)","decl":{"start":{"line":585,"column":41},"end":{"line":585,"column":42}},"loc":{"start":{"line":585,"column":61},"end":{"line":661,"column":1}},"line":585},"7":{"name":"(anonymous_7)","decl":{"start":{"line":667,"column":28},"end":{"line":667,"column":29}},"loc":{"start":{"line":667,"column":48},"end":{"line":683,"column":1}},"line":667},"8":{"name":"(anonymous_8)","decl":{"start":{"line":689,"column":29},"end":{"line":689,"column":30}},"loc":{"start":{"line":689,"column":49},"end":{"line":819,"column":1}},"line":689},"9":{"name":"(anonymous_9)","decl":{"start":{"line":777,"column":45},"end":{"line":777,"column":46}},"loc":{"start":{"line":778,"column":6},"end":{"line":778,"column":48}},"line":778}},"branchMap":{"0":{"loc":{"start":{"line":12,"column":12},"end":{"line":12,"column":72}},"type":"binary-expr","locations":[{"start":{"line":12,"column":12},"end":{"line":12,"column":54}},{"start":{"line":12,"column":58},"end":{"line":12,"column":72}}],"line":12},"1":{"loc":{"start":{"line":13,"column":7},"end":{"line":13,"column":57}},"type":"binary-expr","locations":[{"start":{"line":13,"column":7},"end":{"line":13,"column":52}},{"start":{"line":13,"column":56},"end":{"line":13,"column":57}}],"line":13},"2":{"loc":{"start":{"line":30,"column":4},"end":{"line":35,"column":5}},"type":"if","locations":[{"start":{"line":30,"column":4},"end":{"line":35,"column":5}},{"start":{},"end":{}}],"line":30},"3":{"loc":{"start":{"line":30,"column":8},"end":{"line":30,"column":26}},"type":"binary-expr","locations":[{"start":{"line":30,"column":8},"end":{"line":30,"column":14}},{"start":{"line":30,"column":18},"end":{"line":30,"column":26}}],"line":30},"4":{"loc":{"start":{"line":38,"column":4},"end":{"line":43,"column":5}},"type":"if","locations":[{"start":{"line":38,"column":4},"end":{"line":43,"column":5}},{"start":{},"end":{}}],"line":38},"5":{"loc":{"start":{"line":47,"column":4},"end":{"line":52,"column":5}},"type":"if","locations":[{"start":{"line":47,"column":4},"end":{"line":52,"column":5}},{"start":{},"end":{}}],"line":47},"6":{"loc":{"start":{"line":55,"column":4},"end":{"line":67,"column":5}},"type":"if","locations":[{"start":{"line":55,"column":4},"end":{"line":67,"column":5}},{"start":{},"end":{}}],"line":55},"7":{"loc":{"start":{"line":61,"column":6},"end":{"line":66,"column":7}},"type":"if","locations":[{"start":{"line":61,"column":6},"end":{"line":66,"column":7}},{"start":{},"end":{}}],"line":61},"8":{"loc":{"start":{"line":70,"column":4},"end":{"line":82,"column":5}},"type":"if","locations":[{"start":{"line":70,"column":4},"end":{"line":82,"column":5}},{"start":{},"end":{}}],"line":70},"9":{"loc":{"start":{"line":76,"column":6},"end":{"line":81,"column":7}},"type":"if","locations":[{"start":{"line":76,"column":6},"end":{"line":81,"column":7}},{"start":{},"end":{}}],"line":76},"10":{"loc":{"start":{"line":91,"column":32},"end":{"line":91,"column":69}},"type":"binary-expr","locations":[{"start":{"line":91,"column":32},"end":{"line":91,"column":64}},{"start":{"line":91,"column":68},"end":{"line":91,"column":69}}],"line":91},"11":{"loc":{"start":{"line":92,"column":42},"end":{"line":92,"column":88}},"type":"binary-expr","locations":[{"start":{"line":92,"column":42},"end":{"line":92,"column":82}},{"start":{"line":92,"column":86},"end":{"line":92,"column":88}}],"line":92},"12":{"loc":{"start":{"line":103,"column":8},"end":{"line":103,"column":51}},"type":"binary-expr","locations":[{"start":{"line":103,"column":8},"end":{"line":103,"column":46}},{"start":{"line":103,"column":50},"end":{"line":103,"column":51}}],"line":103},"13":{"loc":{"start":{"line":105,"column":8},"end":{"line":105,"column":42}},"type":"binary-expr","locations":[{"start":{"line":105,"column":8},"end":{"line":105,"column":29}},{"start":{"line":105,"column":33},"end":{"line":105,"column":42}}],"line":105},"14":{"loc":{"start":{"line":116,"column":17},"end":{"line":116,"column":69}},"type":"binary-expr","locations":[{"start":{"line":116,"column":17},"end":{"line":116,"column":62}},{"start":{"line":116,"column":66},"end":{"line":116,"column":69}}],"line":116},"15":{"loc":{"start":{"line":124,"column":13},"end":{"line":124,"column":79}},"type":"cond-expr","locations":[{"start":{"line":124,"column":54},"end":{"line":124,"column":67}},{"start":{"line":124,"column":70},"end":{"line":124,"column":79}}],"line":124},"16":{"loc":{"start":{"line":135,"column":4},"end":{"line":140,"column":5}},"type":"if","locations":[{"start":{"line":135,"column":4},"end":{"line":140,"column":5}},{"start":{},"end":{}}],"line":135},"17":{"loc":{"start":{"line":135,"column":8},"end":{"line":135,"column":34}},"type":"binary-expr","locations":[{"start":{"line":135,"column":8},"end":{"line":135,"column":14}},{"start":{"line":135,"column":18},"end":{"line":135,"column":22}},{"start":{"line":135,"column":26},"end":{"line":135,"column":34}}],"line":135},"18":{"loc":{"start":{"line":153,"column":4},"end":{"line":158,"column":5}},"type":"if","locations":[{"start":{"line":153,"column":4},"end":{"line":158,"column":5}},{"start":{},"end":{}}],"line":153},"19":{"loc":{"start":{"line":163,"column":4},"end":{"line":168,"column":5}},"type":"if","locations":[{"start":{"line":163,"column":4},"end":{"line":168,"column":5}},{"start":{},"end":{}}],"line":163},"20":{"loc":{"start":{"line":171,"column":4},"end":{"line":177,"column":5}},"type":"if","locations":[{"start":{"line":171,"column":4},"end":{"line":177,"column":5}},{"start":{},"end":{}}],"line":171},"21":{"loc":{"start":{"line":182,"column":4},"end":{"line":196,"column":5}},"type":"if","locations":[{"start":{"line":182,"column":4},"end":{"line":196,"column":5}},{"start":{},"end":{}}],"line":182},"22":{"loc":{"start":{"line":193,"column":61},"end":{"line":193,"column":95}},"type":"cond-expr","locations":[{"start":{"line":193,"column":87},"end":{"line":193,"column":90}},{"start":{"line":193,"column":93},"end":{"line":193,"column":95}}],"line":193},"23":{"loc":{"start":{"line":205,"column":4},"end":{"line":279,"column":5}},"type":"if","locations":[{"start":{"line":205,"column":4},"end":{"line":279,"column":5}},{"start":{},"end":{}}],"line":205},"24":{"loc":{"start":{"line":215,"column":6},"end":{"line":220,"column":7}},"type":"if","locations":[{"start":{"line":215,"column":6},"end":{"line":220,"column":7}},{"start":{},"end":{}}],"line":215},"25":{"loc":{"start":{"line":239,"column":25},"end":{"line":239,"column":59}},"type":"binary-expr","locations":[{"start":{"line":239,"column":25},"end":{"line":239,"column":41}},{"start":{"line":239,"column":45},"end":{"line":239,"column":59}}],"line":239},"26":{"loc":{"start":{"line":253,"column":21},"end":{"line":253,"column":51}},"type":"binary-expr","locations":[{"start":{"line":253,"column":21},"end":{"line":253,"column":43}},{"start":{"line":253,"column":47},"end":{"line":253,"column":51}}],"line":253},"27":{"loc":{"start":{"line":267,"column":18},"end":{"line":272,"column":18}},"type":"cond-expr","locations":[{"start":{"line":267,"column":35},"end":{"line":272,"column":11}},{"start":{"line":272,"column":14},"end":{"line":272,"column":18}}],"line":267},"28":{"loc":{"start":{"line":273,"column":17},"end":{"line":276,"column":18}},"type":"cond-expr","locations":[{"start":{"line":273,"column":33},"end":{"line":276,"column":11}},{"start":{"line":276,"column":14},"end":{"line":276,"column":18}}],"line":273},"29":{"loc":{"start":{"line":282,"column":4},"end":{"line":334,"column":5}},"type":"if","locations":[{"start":{"line":282,"column":4},"end":{"line":334,"column":5}},{"start":{},"end":{}}],"line":282},"30":{"loc":{"start":{"line":290,"column":6},"end":{"line":295,"column":7}},"type":"if","locations":[{"start":{"line":290,"column":6},"end":{"line":295,"column":7}},{"start":{},"end":{}}],"line":290},"31":{"loc":{"start":{"line":314,"column":21},"end":{"line":314,"column":51}},"type":"binary-expr","locations":[{"start":{"line":314,"column":21},"end":{"line":314,"column":43}},{"start":{"line":314,"column":47},"end":{"line":314,"column":51}}],"line":314},"32":{"loc":{"start":{"line":329,"column":15},"end":{"line":332,"column":16}},"type":"cond-expr","locations":[{"start":{"line":329,"column":31},"end":{"line":332,"column":9}},{"start":{"line":332,"column":12},"end":{"line":332,"column":16}}],"line":329},"33":{"loc":{"start":{"line":347,"column":13},"end":{"line":347,"column":79}},"type":"cond-expr","locations":[{"start":{"line":347,"column":54},"end":{"line":347,"column":67}},{"start":{"line":347,"column":70},"end":{"line":347,"column":79}}],"line":347},"34":{"loc":{"start":{"line":361,"column":4},"end":{"line":366,"column":5}},"type":"if","locations":[{"start":{"line":361,"column":4},"end":{"line":366,"column":5}},{"start":{},"end":{}}],"line":361},"35":{"loc":{"start":{"line":361,"column":8},"end":{"line":361,"column":27}},"type":"binary-expr","locations":[{"start":{"line":361,"column":8},"end":{"line":361,"column":14}},{"start":{"line":361,"column":18},"end":{"line":361,"column":27}}],"line":361},"36":{"loc":{"start":{"line":376,"column":4},"end":{"line":381,"column":5}},"type":"if","locations":[{"start":{"line":376,"column":4},"end":{"line":381,"column":5}},{"start":{},"end":{}}],"line":376},"37":{"loc":{"start":{"line":396,"column":4},"end":{"line":401,"column":5}},"type":"if","locations":[{"start":{"line":396,"column":4},"end":{"line":401,"column":5}},{"start":{},"end":{}}],"line":396},"38":{"loc":{"start":{"line":418,"column":13},"end":{"line":418,"column":79}},"type":"cond-expr","locations":[{"start":{"line":418,"column":54},"end":{"line":418,"column":67}},{"start":{"line":418,"column":70},"end":{"line":418,"column":79}}],"line":418},"39":{"loc":{"start":{"line":447,"column":4},"end":{"line":452,"column":5}},"type":"if","locations":[{"start":{"line":447,"column":4},"end":{"line":452,"column":5}},{"start":{},"end":{}}],"line":447},"40":{"loc":{"start":{"line":447,"column":8},"end":{"line":447,"column":70}},"type":"binary-expr","locations":[{"start":{"line":447,"column":8},"end":{"line":447,"column":18}},{"start":{"line":447,"column":22},"end":{"line":447,"column":31}},{"start":{"line":447,"column":35},"end":{"line":447,"column":41}},{"start":{"line":447,"column":45},"end":{"line":447,"column":54}},{"start":{"line":447,"column":58},"end":{"line":447,"column":70}}],"line":447},"41":{"loc":{"start":{"line":455,"column":4},"end":{"line":460,"column":5}},"type":"if","locations":[{"start":{"line":455,"column":4},"end":{"line":460,"column":5}},{"start":{},"end":{}}],"line":455},"42":{"loc":{"start":{"line":468,"column":4},"end":{"line":473,"column":5}},"type":"if","locations":[{"start":{"line":468,"column":4},"end":{"line":473,"column":5}},{"start":{},"end":{}}],"line":468},"43":{"loc":{"start":{"line":487,"column":7},"end":{"line":487,"column":25}},"type":"binary-expr","locations":[{"start":{"line":487,"column":7},"end":{"line":487,"column":17}},{"start":{"line":487,"column":21},"end":{"line":487,"column":25}}],"line":487},"44":{"loc":{"start":{"line":487,"column":84},"end":{"line":487,"column":104}},"type":"binary-expr","locations":[{"start":{"line":487,"column":84},"end":{"line":487,"column":92}},{"start":{"line":487,"column":96},"end":{"line":487,"column":104}}],"line":487},"45":{"loc":{"start":{"line":494,"column":4},"end":{"line":509,"column":5}},"type":"if","locations":[{"start":{"line":494,"column":4},"end":{"line":509,"column":5}},{"start":{},"end":{}}],"line":494},"46":{"loc":{"start":{"line":494,"column":8},"end":{"line":494,"column":59}},"type":"binary-expr","locations":[{"start":{"line":494,"column":8},"end":{"line":494,"column":16}},{"start":{"line":494,"column":20},"end":{"line":494,"column":37}},{"start":{"line":494,"column":41},"end":{"line":494,"column":59}}],"line":494},"47":{"loc":{"start":{"line":502,"column":10},"end":{"line":502,"column":81}},"type":"cond-expr","locations":[{"start":{"line":502,"column":54},"end":{"line":502,"column":69}},{"start":{"line":502,"column":72},"end":{"line":502,"column":81}}],"line":502},"48":{"loc":{"start":{"line":502,"column":10},"end":{"line":502,"column":51}},"type":"binary-expr","locations":[{"start":{"line":502,"column":10},"end":{"line":502,"column":25}},{"start":{"line":502,"column":29},"end":{"line":502,"column":51}}],"line":502},"49":{"loc":{"start":{"line":503,"column":10},"end":{"line":503,"column":85}},"type":"cond-expr","locations":[{"start":{"line":503,"column":60},"end":{"line":503,"column":78}},{"start":{"line":503,"column":81},"end":{"line":503,"column":85}}],"line":503},"50":{"loc":{"start":{"line":503,"column":10},"end":{"line":503,"column":57}},"type":"binary-expr","locations":[{"start":{"line":503,"column":10},"end":{"line":503,"column":28}},{"start":{"line":503,"column":32},"end":{"line":503,"column":57}}],"line":503},"51":{"loc":{"start":{"line":504,"column":10},"end":{"line":504,"column":45}},"type":"binary-expr","locations":[{"start":{"line":504,"column":10},"end":{"line":504,"column":37}},{"start":{"line":504,"column":41},"end":{"line":504,"column":45}}],"line":504},"52":{"loc":{"start":{"line":505,"column":10},"end":{"line":505,"column":40}},"type":"binary-expr","locations":[{"start":{"line":505,"column":10},"end":{"line":505,"column":33}},{"start":{"line":505,"column":37},"end":{"line":505,"column":40}}],"line":505},"53":{"loc":{"start":{"line":533,"column":19},"end":{"line":533,"column":49}},"type":"binary-expr","locations":[{"start":{"line":533,"column":19},"end":{"line":533,"column":41}},{"start":{"line":533,"column":45},"end":{"line":533,"column":49}}],"line":533},"54":{"loc":{"start":{"line":573,"column":13},"end":{"line":573,"column":79}},"type":"cond-expr","locations":[{"start":{"line":573,"column":54},"end":{"line":573,"column":67}},{"start":{"line":573,"column":70},"end":{"line":573,"column":79}}],"line":573},"55":{"loc":{"start":{"line":590,"column":4},"end":{"line":595,"column":5}},"type":"if","locations":[{"start":{"line":590,"column":4},"end":{"line":595,"column":5}},{"start":{},"end":{}}],"line":590},"56":{"loc":{"start":{"line":590,"column":8},"end":{"line":590,"column":27}},"type":"binary-expr","locations":[{"start":{"line":590,"column":8},"end":{"line":590,"column":14}},{"start":{"line":590,"column":18},"end":{"line":590,"column":27}}],"line":590},"57":{"loc":{"start":{"line":605,"column":4},"end":{"line":610,"column":5}},"type":"if","locations":[{"start":{"line":605,"column":4},"end":{"line":610,"column":5}},{"start":{},"end":{}}],"line":605},"58":{"loc":{"start":{"line":617,"column":4},"end":{"line":622,"column":5}},"type":"if","locations":[{"start":{"line":617,"column":4},"end":{"line":622,"column":5}},{"start":{},"end":{}}],"line":617},"59":{"loc":{"start":{"line":633,"column":19},"end":{"line":633,"column":49}},"type":"binary-expr","locations":[{"start":{"line":633,"column":19},"end":{"line":633,"column":41}},{"start":{"line":633,"column":45},"end":{"line":633,"column":49}}],"line":633},"60":{"loc":{"start":{"line":658,"column":13},"end":{"line":658,"column":79}},"type":"cond-expr","locations":[{"start":{"line":658,"column":54},"end":{"line":658,"column":67}},{"start":{"line":658,"column":70},"end":{"line":658,"column":79}}],"line":658},"61":{"loc":{"start":{"line":673,"column":2},"end":{"line":680,"column":3}},"type":"if","locations":[{"start":{"line":673,"column":2},"end":{"line":680,"column":3}},{"start":{},"end":{}}],"line":673},"62":{"loc":{"start":{"line":673,"column":6},"end":{"line":673,"column":56}},"type":"binary-expr","locations":[{"start":{"line":673,"column":6},"end":{"line":673,"column":26}},{"start":{"line":673,"column":30},"end":{"line":673,"column":56}}],"line":673},"63":{"loc":{"start":{"line":708,"column":4},"end":{"line":713,"column":5}},"type":"if","locations":[{"start":{"line":708,"column":4},"end":{"line":713,"column":5}},{"start":{},"end":{}}],"line":708},"64":{"loc":{"start":{"line":708,"column":8},"end":{"line":708,"column":102}},"type":"binary-expr","locations":[{"start":{"line":708,"column":8},"end":{"line":708,"column":18}},{"start":{"line":708,"column":22},"end":{"line":708,"column":31}},{"start":{"line":708,"column":35},"end":{"line":708,"column":41}},{"start":{"line":708,"column":45},"end":{"line":708,"column":54}},{"start":{"line":708,"column":58},"end":{"line":708,"column":70}},{"start":{"line":708,"column":74},"end":{"line":708,"column":87}},{"start":{"line":708,"column":91},"end":{"line":708,"column":102}}],"line":708},"65":{"loc":{"start":{"line":721,"column":4},"end":{"line":726,"column":5}},"type":"if","locations":[{"start":{"line":721,"column":4},"end":{"line":726,"column":5}},{"start":{},"end":{}}],"line":721},"66":{"loc":{"start":{"line":753,"column":8},"end":{"line":753,"column":32}},"type":"binary-expr","locations":[{"start":{"line":753,"column":8},"end":{"line":753,"column":20}},{"start":{"line":753,"column":24},"end":{"line":753,"column":32}}],"line":753},"67":{"loc":{"start":{"line":754,"column":8},"end":{"line":754,"column":29}},"type":"binary-expr","locations":[{"start":{"line":754,"column":8},"end":{"line":754,"column":23}},{"start":{"line":754,"column":27},"end":{"line":754,"column":29}}],"line":754},"68":{"loc":{"start":{"line":755,"column":8},"end":{"line":755,"column":18}},"type":"binary-expr","locations":[{"start":{"line":755,"column":8},"end":{"line":755,"column":12}},{"start":{"line":755,"column":16},"end":{"line":755,"column":18}}],"line":755},"69":{"loc":{"start":{"line":773,"column":19},"end":{"line":773,"column":49}},"type":"binary-expr","locations":[{"start":{"line":773,"column":19},"end":{"line":773,"column":41}},{"start":{"line":773,"column":45},"end":{"line":773,"column":49}}],"line":773},"70":{"loc":{"start":{"line":813,"column":13},"end":{"line":813,"column":79}},"type":"cond-expr","locations":[{"start":{"line":813,"column":54},"end":{"line":813,"column":67}},{"start":{"line":813,"column":70},"end":{"line":813,"column":79}}],"line":813}},"s":{"0":0,"1":0,"2":0,"3":0,"4":0,"5":0,"6":0,"7":0,"8":0,"9":0,"10":0,"11":0,"12":0,"13":0,"14":0,"15":0,"16":0,"17":0,"18":0,"19":0,"20":0,"21":0,"22":0,"23":0,"24":0,"25":0,"26":0,"27":0,"28":0,"29":0,"30":0,"31":0,"32":0,"33":0,"34":0,"35":0,"36":0,"37":0,"38":0,"39":0,"40":0,"41":0,"42":0,"43":0,"44":0,"45":0,"46":0,"47":0,"48":0,"49":0,"50":0,"51":0,"52":0,"53":0,"54":0,"55":0,"56":0,"57":0,"58":0,"59":0,"60":0,"61":0,"62":0,"63":0,"64":0,"65":0,"66":0,"67":0,"68":0,"69":0,"70":0,"71":0,"72":0,"73":0,"74":0,"75":0,"76":0,"77":0,"78":0,"79":0,"80":0,"81":0,"82":0,"83":0,"84":0,"85":0,"86":0,"87":0,"88":0,"89":0,"90":0,"91":0,"92":0,"93":0,"94":0,"95":0,"96":0,"97":0,"98":0,"99":0,"100":0,"101":0,"102":0,"103":0,"104":0,"105":0,"106":0,"107":0,"108":0,"109":0,"110":0,"111":0,"112":0,"113":0,"114":0,"115":0,"116":0,"117":0,"118":0,"119":0,"120":0,"121":0,"122":0,"123":0,"124":0,"125":0,"126":0,"127":0,"128":0,"129":0,"130":0,"131":0,"132":0,"133":0,"134":0,"135":0,"136":0,"137":0,"138":0,"139":0,"140":0,"141":0,"142":0,"143":0,"144":0,"145":0,"146":0,"147":0,"148":0,"149":0,"150":0,"151":0,"152":0,"153":0,"154":0,"155":0,"156":0,"157":0,"158":0,"159":0,"160":0,"161":0,"162":0,"163":0,"164":0,"165":0,"166":0,"167":0,"168":0,"169":0,"170":0,"171":0,"172":0},"f":{"0":0,"1":0,"2":0,"3":0,"4":0,"5":0,"6":0,"7":0,"8":0,"9":0},"b":{"0":[0,0],"1":[0,0],"2":[0,0],"3":[0,0],"4":[0,0],"5":[0,0],"6":[0,0],"7":[0,0],"8":[0,0],"9":[0,0],"10":[0,0],"11":[0,0],"12":[0,0],"13":[0,0],"14":[0,0],"15":[0,0],"16":[0,0],"17":[0,0,0],"18":[0,0],"19":[0,0],"20":[0,0],"21":[0,0],"22":[0,0],"23":[0,0],"24":[0,0],"25":[0,0],"26":[0,0],"27":[0,0],"28":[0,0],"29":[0,0],"30":[0,0],"31":[0,0],"32":[0,0],"33":[0,0],"34":[0,0],"35":[0,0],"36":[0,0],"37":[0,0],"38":[0,0],"39":[0,0],"40":[0,0,0,0,0],"41":[0,0],"42":[0,0],"43":[0,0],"44":[0,0],"45":[0,0],"46":[0,0,0],"47":[0,0],"48":[0,0],"49":[0,0],"50":[0,0],"51":[0,0],"52":[0,0],"53":[0,0],"54":[0,0],"55":[0,0],"56":[0,0],"57":[0,0],"58":[0,0],"59":[0,0],"60":[0,0],"61":[0,0],"62":[0,0],"63":[0,0],"64":[0,0,0,0,0,0,0],"65":[0,0],"66":[0,0],"67":[0,0],"68":[0,0],"69":[0,0],"70":[0,0]}}
,"C:\\Users\\HP\\Desktop\\kilimosmart\\backend\\routes\\buyer.js": {"path":"C:\\Users\\HP\\Desktop\\kilimosmart\\backend\\routes\\buyer.js","statementMap":{"0":{"start":{"line":1,"column":16},"end":{"line":1,"column":34}},"1":{"start":{"line":2,"column":15},"end":{"line":2,"column":31}},"2":{"start":{"line":3,"column":18},"end":{"line":3,"column":47}},"3":{"start":{"line":4,"column":44},"end":{"line":4,"column":73}},"4":{"start":{"line":7,"column":0},"end":{"line":7,"column":30}},"5":{"start":{"line":8,"column":0},"end":{"line":8,"column":25}},"6":{"start":{"line":14,"column":0},"end":{"line":97,"column":3}},"7":{"start":{"line":15,"column":2},"end":{"line":96,"column":3}},"8":{"start":{"line":16,"column":64},"end":{"line":16,"column":73}},"9":{"start":{"line":18,"column":20},"end":{"line":40,"column":5}},"10":{"start":{"line":42,"column":19},"end":{"line":42,"column":21}},"11":{"start":{"line":43,"column":21},"end":{"line":43,"column":22}},"12":{"start":{"line":46,"column":4},"end":{"line":49,"column":5}},"13":{"start":{"line":47,"column":6},"end":{"line":47,"column":58}},"14":{"start":{"line":48,"column":6},"end":{"line":48,"column":37}},"15":{"start":{"line":52,"column":4},"end":{"line":55,"column":5}},"16":{"start":{"line":53,"column":6},"end":{"line":53,"column":56}},"17":{"start":{"line":54,"column":6},"end":{"line":54,"column":28}},"18":{"start":{"line":58,"column":4},"end":{"line":62,"column":5}},"19":{"start":{"line":59,"column":6},"end":{"line":59,"column":102}},"20":{"start":{"line":60,"column":6},"end":{"line":60,"column":33}},"21":{"start":{"line":61,"column":6},"end":{"line":61,"column":19}},"22":{"start":{"line":65,"column":4},"end":{"line":68,"column":5}},"23":{"start":{"line":66,"column":6},"end":{"line":66,"column":63}},"24":{"start":{"line":67,"column":6},"end":{"line":67,"column":40}},"25":{"start":{"line":69,"column":4},"end":{"line":72,"column":5}},"26":{"start":{"line":70,"column":6},"end":{"line":70,"column":63}},"27":{"start":{"line":71,"column":6},"end":{"line":71,"column":40}},"28":{"start":{"line":75,"column":4},"end":{"line":78,"column":5}},"29":{"start":{"line":76,"column":6},"end":{"line":76,"column":58}},"30":{"start":{"line":77,"column":6},"end":{"line":77,"column":40}},"31":{"start":{"line":80,"column":4},"end":{"line":80,"column":47}},"32":{"start":{"line":82,"column":19},"end":{"line":82,"column":49}},"33":{"start":{"line":84,"column":4},"end":{"line":88,"column":7}},"34":{"start":{"line":90,"column":4},"end":{"line":90,"column":51}},"35":{"start":{"line":91,"column":4},"end":{"line":95,"column":7}},"36":{"start":{"line":103,"column":0},"end":{"line":173,"column":3}},"37":{"start":{"line":104,"column":2},"end":{"line":172,"column":3}},"38":{"start":{"line":105,"column":22},"end":{"line":105,"column":35}},"39":{"start":{"line":108,"column":26},"end":{"line":133,"column":5}},"40":{"start":{"line":135,"column":4},"end":{"line":140,"column":5}},"41":{"start":{"line":136,"column":6},"end":{"line":139,"column":9}},"42":{"start":{"line":143,"column":25},"end":{"line":153,"column":5}},"43":{"start":{"line":155,"column":20},"end":{"line":159,"column":5}},"44":{"start":{"line":158,"column":46},"end":{"line":158,"column":56}},"45":{"start":{"line":161,"column":4},"end":{"line":164,"column":7}},"46":{"start":{"line":166,"column":4},"end":{"line":166,"column":55}},"47":{"start":{"line":167,"column":4},"end":{"line":171,"column":7}},"48":{"start":{"line":179,"column":0},"end":{"line":363,"column":3}},"49":{"start":{"line":180,"column":2},"end":{"line":362,"column":3}},"50":{"start":{"line":181,"column":20},"end":{"line":181,"column":55}},"51":{"start":{"line":188,"column":8},"end":{"line":188,"column":16}},"52":{"start":{"line":191,"column":4},"end":{"line":196,"column":5}},"53":{"start":{"line":192,"column":6},"end":{"line":195,"column":9}},"54":{"start":{"line":198,"column":4},"end":{"line":203,"column":5}},"55":{"start":{"line":199,"column":6},"end":{"line":202,"column":9}},"56":{"start":{"line":206,"column":22},"end":{"line":206,"column":23}},"57":{"start":{"line":207,"column":22},"end":{"line":207,"column":31}},"58":{"start":{"line":208,"column":4},"end":{"line":247,"column":5}},"59":{"start":{"line":209,"column":6},"end":{"line":214,"column":7}},"60":{"start":{"line":210,"column":8},"end":{"line":213,"column":11}},"61":{"start":{"line":217,"column":27},"end":{"line":220,"column":7}},"62":{"start":{"line":222,"column":6},"end":{"line":227,"column":7}},"63":{"start":{"line":223,"column":8},"end":{"line":226,"column":11}},"64":{"start":{"line":229,"column":6},"end":{"line":234,"column":7}},"65":{"start":{"line":230,"column":8},"end":{"line":233,"column":11}},"66":{"start":{"line":236,"column":6},"end":{"line":241,"column":7}},"67":{"start":{"line":237,"column":8},"end":{"line":240,"column":11}},"68":{"start":{"line":244,"column":6},"end":{"line":244,"column":88}},"69":{"start":{"line":244,"column":42},"end":{"line":244,"column":88}},"70":{"start":{"line":246,"column":6},"end":{"line":246,"column":57}},"71":{"start":{"line":250,"column":4},"end":{"line":252,"column":5}},"72":{"start":{"line":251,"column":6},"end":{"line":251,"column":113}},"73":{"start":{"line":253,"column":4},"end":{"line":255,"column":5}},"74":{"start":{"line":254,"column":6},"end":{"line":254,"column":161}},"75":{"start":{"line":256,"column":21},"end":{"line":256,"column":45}},"76":{"start":{"line":259,"column":4},"end":{"line":265,"column":5}},"77":{"start":{"line":260,"column":6},"end":{"line":264,"column":9}},"78":{"start":{"line":268,"column":24},"end":{"line":293,"column":5}},"79":{"start":{"line":295,"column":20},"end":{"line":295,"column":48}},"80":{"start":{"line":298,"column":4},"end":{"line":325,"column":5}},"81":{"start":{"line":300,"column":6},"end":{"line":315,"column":8}},"82":{"start":{"line":318,"column":6},"end":{"line":324,"column":8}},"83":{"start":{"line":328,"column":4},"end":{"line":345,"column":5}},"84":{"start":{"line":329,"column":6},"end":{"line":336,"column":13}},"85":{"start":{"line":338,"column":6},"end":{"line":341,"column":8}},"86":{"start":{"line":343,"column":6},"end":{"line":343,"column":82}},"87":{"start":{"line":347,"column":4},"end":{"line":354,"column":7}},"88":{"start":{"line":356,"column":4},"end":{"line":356,"column":47}},"89":{"start":{"line":357,"column":4},"end":{"line":361,"column":7}},"90":{"start":{"line":369,"column":0},"end":{"line":406,"column":3}},"91":{"start":{"line":370,"column":2},"end":{"line":405,"c
[...]
:202,"column":17}},{"start":{"line":202,"column":21},"end":{"line":202,"column":33}}],"line":202},"12":{"loc":{"start":{"line":209,"column":4},"end":{"line":214,"column":5}},"type":"if","locations":[{"start":{"line":209,"column":4},"end":{"line":214,"column":5}},{"start":{},"end":{}}],"line":209},"13":{"loc":{"start":{"line":223,"column":4},"end":{"line":228,"column":5}},"type":"if","locations":[{"start":{"line":223,"column":4},"end":{"line":228,"column":5}},{"start":{},"end":{}}],"line":223},"14":{"loc":{"start":{"line":236,"column":6},"end":{"line":292,"column":7}},"type":"if","locations":[{"start":{"line":236,"column":6},"end":{"line":292,"column":7}},{"start":{"line":265,"column":13},"end":{"line":292,"column":7}}],"line":236},"15":{"loc":{"start":{"line":240,"column":8},"end":{"line":242,"column":9}},"type":"if","locations":[{"start":{"line":240,"column":8},"end":{"line":242,"column":9}},{"start":{},"end":{}}],"line":240},"16":{"loc":{"start":{"line":240,"column":12},"end":{"line":240,"column":36}},"type":"binary-expr","locations":[{"start":{"line":240,"column":12},"end":{"line":240,"column":22}},{"start":{"line":240,"column":26},"end":{"line":240,"column":36}}],"line":240},"17":{"loc":{"start":{"line":251,"column":52},"end":{"line":251,"column":71}},"type":"binary-expr","locations":[{"start":{"line":251,"column":52},"end":{"line":251,"column":63}},{"start":{"line":251,"column":67},"end":{"line":251,"column":71}}],"line":251},"18":{"loc":{"start":{"line":252,"column":11},"end":{"line":252,"column":34}},"type":"binary-expr","locations":[{"start":{"line":252,"column":11},"end":{"line":252,"column":29}},{"start":{"line":252,"column":33},"end":{"line":252,"column":34}}],"line":252},"19":{"loc":{"start":{"line":252,"column":36},"end":{"line":252,"column":55}},"type":"binary-expr","locations":[{"start":{"line":252,"column":36},"end":{"line":252,"column":49}},{"start":{"line":252,"column":53},"end":{"line":252,"column":55}}],"line":252},"20":{"loc":{"start":{"line":265,"column":13},"end":{"line":292,"column":7}},"type":"if","locations":[{"start":{"line":265,"column":13},"end":{"line":292,"column":7}},{"start":{},"end":{}}],"line":265},"21":{"loc":{"start":{"line":269,"column":8},"end":{"line":271,"column":9}},"type":"if","locations":[{"start":{"line":269,"column":8},"end":{"line":271,"column":9}},{"start":{},"end":{}}],"line":269},"22":{"loc":{"start":{"line":269,"column":12},"end":{"line":269,"column":74}},"type":"binary-expr","locations":[{"start":{"line":269,"column":12},"end":{"line":269,"column":26}},{"start":{"line":269,"column":30},"end":{"line":269,"column":44}},{"start":{"line":269,"column":48},"end":{"line":269,"column":65}},{"start":{"line":269,"column":69},"end":{"line":269,"column":74}}],"line":269},"23":{"loc":{"start":{"line":280,"column":73},"end":{"line":280,"column":105}},"type":"binary-expr","locations":[{"start":{"line":280,"column":73},"end":{"line":280,"column":97}},{"start":{"line":280,"column":101},"end":{"line":280,"column":105}}],"line":280},"24":{"loc":{"start":{"line":324,"column":4},"end":{"line":329,"column":5}},"type":"if","locations":[{"start":{"line":324,"column":4},"end":{"line":329,"column":5}},{"start":{},"end":{}}],"line":324}},"s":{"0":0,"1":0,"2":0,"3":0,"4":0,"5":0,"6":0,"7":0,"8":0,"9":0,"10":0,"11":0,"12":0,"13":0,"14":0,"15":0,"16":0,"17":0,"18":0,"19":0,"20":0,"21":0,"22":0,"23":0,"24":0,"25":0,"26":0,"27":0,"28":0,"29":0,"30":0,"31":0,"32":0,"33":0,"34":0,"35":0,"36":0,"37":0,"38":0,"39":0,"40":0,"41":0,"42":0,"43":0,"44":0,"45":0,"46":0,"47":0,"48":0,"49":0,"50":0,"51":0,"52":0,"53":0,"54":0,"55":0,"56":0,"57":0,"58":0,"59":0,"60":0,"61":0,"62":0,"63":0,"64":0,"65":0,"66":0,"67":0,"68":0,"69":0,"70":0,"71":0,"72":0,"73":0,"74":0,"75":0,"76":0,"77":0,"78":0,"79":0,"80":0,"81":0,"82":0},"f":{"0":0,"1":0,"2":0,"3":0,"4":0},"b":{"0":[0,0],"1":[0,0],"2":[0,0],"3":[0,0],"4":[0,0],"5":[0,0],"6":[0,0],"7":[0,0],"8":[0,0],"9":[0,0],"10":[0,0],"11":[0,0],"12":[0,0],"13":[0,0],"14":[0,0],"15":[0,0],"16":[0,0],"17":[0,0],"18":[0,0],"19":[0,0],"20":[0,0],"21":[0,0],"22":[0,0,0,0],"23":[0,0],"24":[0,0]}}
,"C:\\Users\\HP\\Desktop\\kilimosmart\\backend\\utils\\emailService.js": {"path":"C:\\Users\\HP\\Desktop\\kilimosmart\\backend\\utils\\emailService.js","statementMap":{"0":{"start":{"line":1,"column":15},"end":{"line":1,"column":40}},"1":{"start":{"line":2,"column":0},"end":{"line":2,"column":27}},"2":{"start":{"line":5,"column":0},"end":{"line":5,"column":47}},"3":{"start":{"line":13,"column":16},"end":{"line":29,"column":3}},"4":{"start":{"line":31,"column":2},"end":{"line":31,"column":39}},"5":{"start":{"line":42,"column":22},"end":{"line":42,"column":45}},"6":{"start":{"line":44,"column":14},"end":{"line":215,"column":3}},"7":{"start":{"line":217,"column":2},"end":{"line":227,"column":3}},"8":{"start":{"line":218,"column":21},"end":{"line":218,"column":43}},"9":{"start":{"line":219,"column":4},"end":{"line":219,"column":56}},"10":{"start":{"line":220,"column":4},"end":{"line":220,"column":20}},"11":{"start":{"line":222,"column":4},"end":{"line":222,"column":51}},"12":{"start":{"line":223,"column":4},"end":{"line":225,"column":5}},"13":{"start":{"line":224,"column":6},"end":{"line":224,"column":68}},"14":{"start":{"line":226,"column":4},"end":{"line":226,"column":44}},"15":{"start":{"line":237,"column":14},"end":{"line":263,"column":3}},"16":{"start":{"line":265,"column":2},"end":{"line":271,"column":3}},"17":{"start":{"line":266,"column":4},"end":{"line":266,"column":27}},"18":{"start":{"line":267,"column":4},"end":{"line":267,"column":51}},"19":{"start":{"line":269,"column":4},"end":{"line":269,"column":51}},"20":{"start":{"line":299,"column":6},"end":{"line":299,"column":17}},"21":{"start":{"line":302,"column":24},"end":{"line":308,"column":4}},"22":{"start":{"line":311,"column":20},"end":{"line":319,"column":13}},"23":{"start":{"line":311,"column":47},"end":{"line":319,"column":3}},"24":{"start":{"line":321,"column":14},"end":{"line":581,"column":3}},"25":{"start":{"line":572,"column":31},"end":{"line":572,"column":155}},"26":{"start":{"line":583,"column":2},"end":{"line":593,"column":3}},"27":{"start":{"line":584,"column":21},"end":{"line":584,"column":43}},"28":{"start":{"line":585,"column":4},"end":{"line":585,"column":54}},"29":{"start":{"line":586,"column":4},"end":{"line":586,"column":20}},"30":{"start":{"line":588,"column":4},"end":{"line":588,"column":51}},"31":{"start":{"line":589,"column":4},"end":{"line":591,"column":5}},"32":{"start":{"line":590,"column":6},"end":{"line":590,"column":68}},"33":{"start":{"line":592,"column":4},"end":{"line":592,"column":52}},"34":{"start":{"line":596,"column":0},"end":{"line":600,"column":2}}},"fnMap":{"0":{"name":"getPurposeText","decl":{"start":{"line":12,"column":9},"end":{"line":12,"column":23}},"loc":{"start":{"line":12,"column":33},"end":{"line":32,"column":1}},"line":12},"1":{"name":"sendOTPEmail","decl":{"start":{"line":41,"column":15},"end":{"line":41,"column":27}},"loc":{"start":{"line":41,"column":59},"end":{"line":228,"column":1}},"line":41},"2":{"name":"sendWelcomeEmail","decl":{"start":{"line":236,"column":15},"end":{"line":236,"column":31}},"loc":{"start":{"line":236,"column":50},"end":{"line":272,"column":1}},"line":236},"3":{"name":"sendPurchaseReceipt","decl":{"start":{"line":288,"column":15},"end":{"line":288,"column":34}},"loc":{"start":{"line":288,"column":48},"end":{"line":594,"column":1}},"line":288},"4":{"name":"(anonymous_4)","decl":{"start":{"line":311,"column":30},"end":{"line":311,"column":31}},"loc":{"start":{"line":311,"column":47},"end":{"line":319,"column":3}},"line":311},"5":{"name":"(anonymous_5)","decl":{"start":{"line":572,"column":18},"end":{"line":572,"column":19}},"loc":{"start":{"line":572,"column":31},"end":{"line":572,"column":155}},"line":572}},"branchMap":{"0":{"loc":{"start":{"line":31,"column":9},"end":{"line":31,"column":38}},"type":"binary-expr","locations":[{"start":{"line":31,"column":9},"end":{"line":31,"column":23}},{"start":{"line":31,"column":27},"end":{"line":31,"column":38}}],"line":31},"1":{"loc":{"start":{"line":41,"column":40},"end":{"line":41,"column":57}},"type":"default-arg","locations":[{"start":{"line":41,"column":50},"end":{"line":41,"column":57}}],"line":41},"2":{"loc":{"start":{"line":48,"column":12},"end":{"line":48,"column":50}},"type":"binary-expr","locations":[{"start":{"line":48,"column":12},"end":{"line":48,"column":33}},{"start":{"line":48,"column":37},"end":{"line":48,"column":50}}],"line":48},"3":{"loc":{"start":{"line":51,"column":85},"end":{"line":51,"column":121}},"type":"binary-expr","locations":[{"start":{"line":51,"column":85},"end":{"line":51,"column":115}},{"start":{"line":51,"column":119},"end":{"line":51,"column":121}}],"line":51},"4":{"loc":{"start":{"line":186,"column":51},"end":{"line":186,"column":87}},"type":"binary-expr","locations":[{"start":{"line":186,"column":51},"end":{"line":186,"column":81}},{"start":{"line":186,"column":85},"end":{"line":186,"column":87}}],"line":186},"5":{"loc":{"start":{"line":223,"column":4},"end":{"line":225,"column":5}},"type":"if","locations":[{"start":{"line":223,"column":4},"end":{"line":225,"column":5}},{"start":{},"end":{}}],"line":223},"6":{"loc":{"start":{"line":241,"column":12},"end":{"line":241,"column":50}},"type":"binary-expr","locations":[{"start":{"line":241,"column":12},"end":{"line":241,"column":33}},{"start":{"line":241,"column":37},"end":{"line":241,"column":50}}],"line":241},"7":{"loc":{"start":{"line":315,"column":76},"end":{"line":315,"column":96}},"type":"binary-expr","locations":[{"start":{"line":315,"column":76},"end":{"line":315,"column":85}},{"start":{"line":315,"column":89},"end":{"line":315,"column":96}}],"line":315},"8":{"loc":{"start":{"line":325,"column":12},"end":{"line":325,"column":50}},"type":"binary-expr","locations":[{"start":{"line":325,"column":12},"end":{"line":325,"column":33}},{"start":{"line":325,"column":37},"end":{"line":325,"column":50}}],"line":325},"9":{"loc":{"start":{"line":572,"column":83},"end":{"line":572,"column":103}},"type":"binary-expr","locations":[{"start":{"line":572,"column":83},"end":{"line":572,"column":92}},{"start":{"line":572,"column":96},"end":{"line":572,"column":103}}],"line":572},"10":{"loc":{"start":{"line":589,"column":4},"end":{"line":591,"column":5}},"type":"if","locations":[{"start":{"line":589,"column":4},"end":{"line":591,"column":5}},{"start":{},"end":{}}],"line":589}},"s":{"0":0,"1":0,"2":0,"3":0,"4":0,"5":0,"6":0,"7":0,"8":0,"9":0,"10":0,"11":0,"12":0,"13":0,"14":0,"15":0,"16":0,"17":0,"18":0,"19":0,"20":0,"21":0,"22":0,"23":0,"24":0,"25":0,"26":0,"27":0,"28":0,"29":0,"30":0,"31":0,"32":0,"33":0,"34":0},"f":{"0":0,"1":0,"2":0,"3":0,"4":0,"5":0},"b":{"0":[0,0],"1":[0],"2":[0,0],"3":[0,0],"4":[0,0],"5":[0,0],"6":[0,0],"7":[0,0],"8":[0,0],"9":[0,0],"10":[0,0]}}
,"C:\\Users\\HP\\Desktop\\kilimosmart\\backend\\utils\\errorHandler.js": {"path":"C:\\Users\\HP\\Desktop\\kilimosmart\\backend\\utils\\errorHandler.js","statementMap":{},"fnMap":{},"branchMap":{},"s":{},"f":{},"b":{}}
,"C:\\Users\\HP\\Desktop\\kilimosmart\\backend\\utils\\healthCheck.js": {"path":"C:\\Users\\HP\\Desktop\\kilimosmart\\backend\\utils\\healthCheck.js","statementMap":{},"fnMap":{},"branchMap":{},"s":{},"f":{},"b":{}}
,"C:\\Users\\HP\\Desktop\\kilimosmart\\backend\\utils\\otpUtils.js": {"path":"C:\\Users\\HP\\Desktop\\kilimosmart\\backend\\utils\\otpUtils.js","statementMap":{"0":{"start":{"line":1,"column":15},"end":{"line":1,"column":32}},"1":{"start":{"line":9,"column":17},"end":{"line":9,"column":29}},"2":{"start":{"line":10,"column":12},"end":{"line":10,"column":14}},"3":{"start":{"line":12,"column":2},"end":{"line":15,"column":3}},"4":{"start":{"line":12,"column":15},"end":{"line":12,"column":16}},"5":{"start":{"line":13,"column":24},"end":{"line":13,"column":58}},"6":{"start":{"line":14,"column":4},"end":{"line":14,"column":31}},"7":{"start":{"line":17,"column":2},"end":{"line":17,"column":13}},"8":{"start":{"line":27,"column":2},"end":{"line":29,"column":3}},"9":{"start":{"line":28,"column":4},"end":{"line":28,"column":17}},"10":{"start":{"line":31,"column":26},"end":{"line":31,"column":67}},"11":{"start":{"line":32,"column":26},"end":{"line":32,"column":67}},"12":{"start":{"line":35,"column":2},"end":{"line":37,"column":3}},"13":{"start":{"line":36,"column":4},"end":{"line":36,"column":17}},"14":{"start":{"line":40,"column":2},"end":{"line":45,"column":3}},"15":{"start":{"line":41,"column":4},"end":{"line":41,"column":68}},"16":{"start":{"line":43,"column":4},"end":{"line":43,"column":50}},"17":{"start":{"line":44,"column":4},"end":{"line":44,"column":17}},"18":{"start":{"line":54,"column":2},"end":{"line":54,"column":52}},"19":{"start":{"line":63,"column":2},"end":{"line":63,"column":42}},"20":{"start":{"line":66,"column":0},"end":{"line":71,"column":2}}},"fnMap":{"0":{"name":"generateOTP","decl":{"start":{"line":8,"column":9},"end":{"line":8,"column":20}},"loc":{"start":{"line":8,"column":33},"end":{"line":18,"column":1}},"line":8},"1":{"name":"verifyOTP","decl":{"start":{"line":26,"column":9},"end":{"line":26,"column":18}},"loc":{"start":{"line":26,"column":41},"end":{"line":46,"column":1}},"line":26},"2":{"name":"calculateExpiryTime","decl":{"start":{"line":53,"column":9},"end":{"line":53,"column":28}},"loc":{"start":{"line":53,"column":43},"end":{"line":55,"column":1}},"line":53},"3":{"name":"isOTPExpired","decl":{"start":{"line":62,"column":9},"end":{"line":62,"column":21}},"loc":{"start":{"line":62,"column":33},"end":{"line":64,"column":1}},"line":62}},"branchMap":{"0":{"loc":{"start":{"line":8,"column":21},"end":{"line":8,"column":31}},"type":"default-arg","locations":[{"start":{"line":8,"column":30},"end":{"line":8,"column":31}}],"line":8},"1":{"loc":{"start":{"line":27,"column":2},"end":{"line":29,"column":3}},"type":"if","locations":[{"start":{"line":27,"column":2},"end":{"line":29,"column":3}},{"start":{},"end":{}}],"line":27},"2":{"loc":{"start":{"line":27,"column":6},"end":{"line":27,"column":30}},"type":"binary-expr","locations":[{"start":{"line":27,"column":6},"end":{"line":27,"column":16}},{"start":{"line":27,"column":20},"end":{"line":27,"column":30}}],"line":27},"3":{"loc":{"start":{"line":35,"column":2},"end":{"line":37,"column":3}},"type":"if","locations":[{"start":{"line":35,"column":2},"end":{"line":37,"column":3}},{"start":{},"end":{}}],"line":35},"4":{"loc":{"start":{"line":53,"column":29},"end":{"line":53,"column":41}},"type":"default-arg","locations":[{"start":{"line":53,"column":39},"end":{"line":53,"column":41}}],"line":53}},"s":{"0":0,"1":0,"2":0,"3":0,"4":0,"5":0,"6":0,"7":0,"8":0,"9":0,"10":0,"11":0,"12":0,"13":0,"14":0,"15":0,"16":0,"17":0,"18":0,"19":0,"20":0},"f":{"0":0,"1":0,"2":0,"3":0},"b":{"0":[0],"1":[0,0],"2":[0,0],"3":[0,0],"4":[0]}}
,"C:\\Users\\HP\\Desktop\\kilimosmart\\backend\\utils\\reservationCleaner.js": {"path":"C:\\Users\\HP\\Desktop\\kilimosmart\\backend\\utils\\reservationCleaner.js","statementMap":{"0":{"start":{"line":1,"column":18},"end":{"line":1,"column":47}},"1":{"start":{"line":4,"column":35},"end":{"line":35,"column":1}},"2":{"start":{"line":5,"column":2},"end":{"line":34,"column":3}},"3":{"start":{"line":7,"column":16},"end":{"line":7,"column":144}},"4":{"start":{"line":8,"column":4},"end":{"line":8,"column":38}},"5":{"start":{"line":8,"column":31},"end":{"line":8,"column":38}},"6":{"start":{"line":10,"column":4},"end":{"line":31,"column":5}},"7":{"start":{"line":11,"column":18},"end":{"line":11,"column":28}},"8":{"start":{"line":12,"column":6},"end":{"line":30,"column":7}},"9":{"start":{"line":14,"column":22},"end":{"line":14,"column":116}},"10":{"start":{"line":15,"column":8},"end":{"line":21,"column":9}},"11":{"start":{"line":16,"column":10},"end":{"line":20,"column":11}},"12":{"start":{"line":17,"column":12},"end":{"line":17,"column":183}},"13":{"start":{"line":19,"column":12},"end":{"line":19,"column":99}},"14":{"start":{"line":24,"column":8},"end":{"line":24,"column":95}},"15":{"start":{"line":25,"column":8},"end":{"line":25,"column":160}},"16":{"start":{"line":27,"column":8},"end":{"line":27,"column":59}},"17":{"start":{"line":29,"column":8},"end":{"line":29,"column":84}},"18":{"start":{"line":33,"column":4},"end":{"line":33,"column":66}},"19":{"start":{"line":38,"column":21},"end":{"line":38,"column":25}},"20":{"start":{"line":39,"column":32},"end":{"line":45,"column":1}},"21":{"start":{"line":40,"column":2},"end":{"line":40,"column":29}},"22":{"start":{"line":40,"column":22},"end":{"line":40,"column":29}},"23":{"start":{"line":41,"column":2},"end":{"line":43,"column":17}},"24":{"start":{"line":42,"column":4},"end":{"line":42,"column":96}},"25":{"start":{"line":42,"column":46},"end":{"line":42,"column":94}},"26":{"start":{"line":44,"column":2},"end":{"line":44,"column":78}},"27":{"start":{"line":47,"column":31},"end":{"line":51,"column":1}},"28":{"start":{"line":48,"column":2},"end":{"line":48,"column":30}},"29":{"start":{"line":48,"column":23},"end":{"line":48,"column":30}},"30":{"start":{"line":49,"column":2},"end":{"line":49,"column":32}},"31":{"start":{"line":50,"column":2},"end":{"line":50,"column":24}},"32":{"start":{"line":53,"column":0},"end":{"line":53,"column":97}}},"fnMap":{"0":{"name":"(anonymous_0)","decl":{"start":{"line":4,"column":35},"end":{"line":4,"column":36}},"loc":{"start":{"line":4,"column":47},"end":{"line":35,"column":1}},"line":4},"1":{"name":"(anonymous_1)","decl":{"start":{"line":39,"column":32},"end":{"line":39,"column":33}},"loc":{"start":{"line":39,"column":60},"end":{"line":45,"column":1}},"line":39},"2":{"name":"(anonymous_2)","decl":{"start":{"line":41,"column":31},"end":{"line":41,"column":32}},"loc":{"start":{"line":41,"column":37},"end":{"line":43,"column":3}},"line":41},"3":{"name":"(anonymous_3)","decl":{"start":{"line":42,"column":39},"end":{"line":42,"column":40}},"loc":{"start":{"line":42,"column":46},"end":{"line":42,"column":94}},"line":42},"4":{"name":"(anonymous_4)","decl":{"start":{"line":47,"column":31},"end":{"line":47,"column":32}},"loc":{"start":{"line":47,"column":37},"end":{"line":51,"column":1}},"line":47}},"branchMap":{"0":{"loc":{"start":{"line":8,"column":4},"end":{"line":8,"column":38}},"type":"if","locations":[{"start":{"line":8,"column":4},"end":{"line":8,"column":38}},{"start":{},"end":{}}],"line":8},"1":{"loc":{"start":{"line":19,"column":83},"end":{"line":19,"column":97}},"type":"binary-expr","locations":[{"start":{"line":19,"column":83},"end":{"line":19,"column":92}},{"start":{"line":19,"column":96},"end":{"line":19,"column":97}}],"line":19},"2":{"loc":{"start":{"line":29,"column":68},"end":{"line":29,"column":82}},"type":"binary-expr","locations":[{"start":{"line":29,"column":68},"end":{"line":29,"column":77}},{"start":{"line":29,"column":81},"end":{"line":29,"column":82}}],"line":29},"3":{"loc":{"start":{"line":33,"column":50},"end":{"line":33,"column":64}},"type":"binary-expr","locations":[{"start":{"line":33,"column":50},"end":{"line":33,"column":59}},{"start":{"line":33,"column":63},"end":{"line":33,"column":64}}],"line":33},"4":{"loc":{"start":{"line":39,"column":33},"end":{"line":39,"column":55}},"type":"default-arg","locations":[{"start":{"line":39,"column":46},"end":{"line":39,"column":55}}],"line":39},"5":{"loc":{"start":{"line":40,"column":2},"end":{"line":40,"column":29}},"type":"if","locations":[{"start":{"line":40,"column":2},"end":{"line":40,"column":29}},{"start":{},"end":{}}],"line":40},"6":{"loc":{"start":{"line":48,"column":2},"end":{"line":48,"column":30}},"type":"if","locations":[{"start":{"line":48,"column":2},"end":{"line":48,"column":30}},{"start":{},"end":{}}],"line":48}},"s":{"0":0,"1":0,"2":0,"3":0,"4":0,"5":0,"6":0,"7":0,"8":0,"9":0,"10":0,"11":0,"12":0,"13":0,"14":0,"15":0,"16":0,"17":0,"18":0,"19":0,"20":0,"21":0,"22":0,"23":0,"24":0,"25":0,"26":0,"27":0,"28":0,"29":0,"30":0,"31":0,"32":0},"f":{"0":0,"1":0,"2":0,"3":0,"4":0},"b":{"0":[0,0],"1":[0,0],"2":[0,0],"3":[0,0],"4":[0],"5":[0,0],"6":[0,0]}}
}
