TN:
SF:config\cloudinary.js
FN:6,(anonymous_0)
FNF:1
FNH:0
FNDA:0,(anonymous_0)
DA:1,0
DA:3,0
DA:6,0
DA:7,0
DA:8,0
DA:9,0
DA:10,0
DA:13,0
DA:14,0
DA:15,0
DA:16,0
DA:17,0
DA:18,0
DA:19,0
DA:23,0
DA:30,0
DA:32,0
DA:33,0
DA:34,0
DA:35,0
DA:37,0
DA:38,0
DA:41,0
DA:42,0
DA:43,0
DA:47,0
DA:49,0
LF:27
LH:0
BRDA:13,0,0,0
BRDA:13,0,1,0
BRDA:13,1,0,0
BRDA:13,1,1,0
BRDA:13,1,2,0
BRDA:16,2,0,0
BRDA:16,2,1,0
BRDA:17,3,0,0
BRDA:17,3,1,0
BRDA:18,4,0,0
BRDA:18,4,1,0
BRDA:32,5,0,0
BRDA:32,5,1,0
BRDA:32,6,0,0
BRDA:32,6,1,0
BRDA:32,6,2,0
BRF:16
BRH:0
end_of_record
TN:
SF:config\database.js
FN:14,(anonymous_0)
FN:18,(anonymous_1)
FN:24,(anonymous_2)
FN:38,(anonymous_3)
FN:44,(anonymous_4)
FN:49,(anonymous_5)
FNF:6
FNH:0
FNDA:0,(anonymous_0)
FNDA:0,(anonymous_1)
FNDA:0,(anonymous_2)
FNDA:0,(anonymous_3)
FNDA:0,(anonymous_4)
FNDA:0,(anonymous_5)
DA:1,0
DA:2,0
DA:5,0
DA:14,0
DA:15,0
DA:18,0
DA:19,0
DA:20,0
DA:24,0
DA:25,0
DA:26,0
DA:27,0
DA:28,0
DA:29,0
DA:30,0
DA:32,0
DA:33,0
DA:38,0
DA:39,0
DA:40,0
DA:41,0
DA:44,0
DA:45,0
DA:49,0
DA:50,0
DA:51,0
DA:52,0
DA:55,0
DA:58,0
LF:29
LH:0
BRF:0
BRH:0
end_of_record
TN:
SF:middleware\auth.js
FN:7,(anonymous_0)
FN:21,(anonymous_1)
FN:79,(anonymous_2)
FN:111,(anonymous_3)
FN:142,(anonymous_4)
FN:155,(anonymous_5)
FNF:6
FNH:0
FNDA:0,(anonymous_0)
FNDA:0,(anonymous_1)
FNDA:0,(anonymous_2)
FNDA:0,(anonymous_3)
FNDA:0,(anonymous_4)
FNDA:0,(anonymous_5)
DA:1,0
DA:7,0
DA:8,0
DA:10,0
DA:11,0
DA:13,0
DA:14,0
DA:21,0
DA:22,0
DA:23,0
DA:30,0
DA:31,0
DA:36,0
DA:42,0
DA:51,0
DA:62,0
DA:64,0
DA:67,0
DA:68,0
DA:79,0
DA:80,0
DA:89,0
DA:94,0
DA:95,0
DA:96,0
DA:103,0
DA:104,0
DA:111,0
DA:112,0
DA:121,0
DA:126,0
DA:127,0
DA:128,0
DA:135,0
DA:136,0
DA:142,0
DA:143,0
DA:144,0
DA:149,0
DA:155,0
DA:156,0
DA:157,0
DA:162,0
DA:165,0
LF:44
LH:0
BRDA:11,0,0,0
BRDA:11,0,1,0
BRDA:13,1,0,0
BRDA:13,1,1,0
BRDA:22,2,0,0
BRDA:22,2,1,0
BRDA:27,3,0,0
BRDA:27,3,1,0
BRDA:30,4,0,0
BRDA:30,4,1,0
BRDA:43,5,0,0
BRDA:43,5,1,0
BRDA:47,6,0,0
BRDA:47,6,1,0
BRDA:52,7,0,0
BRDA:52,7,1,0
BRDA:54,8,0,0
BRDA:54,8,1,0
BRDA:54,8,2,0
BRDA:57,9,0,0
BRDA:57,9,1,0
BRDA:58,10,0,0
BRDA:58,10,1,0
BRDA:59,11,0,0
BRDA:59,11,1,0
BRDA:89,12,0,0
BRDA:89,12,1,0
BRDA:89,12,2,0
BRDA:89,12,3,0
BRDA:94,13,0,0
BRDA:94,13,1,0
BRDA:94,14,0,0
BRDA:94,14,1,0
BRDA:121,15,0,0
BRDA:121,15,1,0
BRDA:121,15,2,0
BRDA:121,15,3,0
BRDA:126,16,0,0
BRDA:126,16,1,0
BRDA:143,17,0,0
BRDA:143,17,1,0
BRDA:156,18,0,0
BRDA:156,18,1,0
BRF:43
BRH:0
end_of_record
TN:
SF:middleware\upload.js
FN:12,(anonymous_0)
FN:32,(anonymous_1)
FNF:2
FNH:0
FNDA:0,(anonymous_0)
FNDA:0,(anonymous_1)
DA:1,0
DA:2,0
DA:3,0
DA:7,0
DA:8,0
DA:10,0
DA:13,0
DA:15,0
DA:28,0
DA:29,0
DA:32,0
DA:33,0
DA:35,0
DA:36,0
DA:38,0
DA:42,0
DA:52,0
DA:53,0
LF:18
LH:0
BRDA:7,0,0,0
BRDA:7,0,1,0
BRDA:13,1,0,0
BRDA:13,1,1,0
BRDA:13,1,2,0
BRDA:35,2,0,0
BRDA:35,2,1,0
BRF:7
BRH:0
end_of_record
TN:
SF:middleware\uploadServerless.js
FN:7,(anonymous_0)
FN:24,(anonymous_1)
FN:25,(anonymous_2)
FN:33,(anonymous_3)
FN:46,(anonymous_4)
FNF:5
FNH:0
FNDA:0,(anonymous_0)
FNDA:0,(anonymous_1)
FNDA:0,(anonymous_2)
FNDA:0,(anonymous_3)
FNDA:0,(anonymous_4)
DA:2,0
DA:3,0
DA:7,0
DA:8,0
DA:10,0
DA:11,0
DA:18,0
DA:19,0
DA:20,0
DA:24,0
DA:25,0
DA:26,0
DA:34,0
DA:35,0
DA:39,0
DA:43,0
DA:46,0
DA:52,0
DA:54,0
DA:55,0
DA:62,0
LF:21
LH:0
BRDA:10,0,0,0
BRDA:10,0,1,0
BRDA:18,1,0,0
BRDA:18,1,1,0
BRDA:18,2,0,0
BRDA:18,2,1,0
BRDA:28,3,0,0
BRDA:28,3,1,0
BRDA:34,4,0,0
BRDA:34,4,1,0
BRF:10
BRH:0
end_of_record
TN:
SF:routes\admin.js
FN:14,(anonymous_0)
FN:82,(anonymous_1)
FN:114,(anonymous_2)
FN:149,(anonymous_3)
FN:176,(anonymous_4)
FN:206,(anonymous_5)
FN:219,(anonymous_6)
FNF:7
FNH:0
FNDA:0,(anonymous_0)
FNDA:0,(anonymous_1)
FNDA:0,(anonymous_2)
FNDA:0,(anonymous_3)
FNDA:0,(anonymous_4)
FNDA:0,(anonymous_5)
FNDA:0,(anonymous_6)
DA:1,0
DA:2,0
DA:3,0
DA:4,0
DA:7,0
DA:8,0
DA:14,0
DA:15,0
DA:17,0
DA:18,0
DA:19,0
DA:20,0
DA:21,0
DA:23,0
DA:24,0
DA:27,0
DA:28,0
DA:29,0
DA:33,0
DA:34,0
DA:35,0
DA:38,0
DA:41,0
DA:42,0
DA:44,0
DA:45,0
DA:48,0
DA:49,0
DA:52,0
DA:59,0
DA:60,0
DA:66,0
DA:75,0
DA:76,0
DA:82,0
DA:83,0
DA:84,0
DA:85,0
DA:91,0
DA:92,0
DA:96,0
DA:97,0
DA:99,0
DA:100,0
DA:101,0
DA:103,0
DA:105,0
DA:106,0
DA:114,0
DA:115,0
DA:117,0
DA:118,0
DA:119,0
DA:120,0
DA:122,0
DA:123,0
DA:125,0
DA:126,0
DA:127,0
DA:128,0
DA:130,0
DA:133,0
DA:134,0
DA:135,0
DA:136,0
DA:137,0
DA:140,0
DA:142,0
DA:143,0
DA:149,0
DA:150,0
DA:151,0
DA:152,0
DA:158,0
DA:160,0
DA:165,0
DA:167,0
DA:168,0
DA:176,0
DA:177,0
DA:178,0
DA:179,0
DA:180,0
DA:181,0
DA:182,0
DA:183,0
DA:185,0
DA:197,0
DA:198,0
DA:206,0
DA:207,0
DA:208,0
DA:219,0
DA:224,0
DA:226,0
DA:227,0
DA:231,0
LF:97
LH:0
BRDA:17,0,0,0
BRDA:17,0,1,0
BRDA:18,1,0,0
BRDA:18,1,1,0
BRDA:20,2,0,0
BRDA:20,2,1,0
BRDA:21,3,0,0
BRDA:21,3,1,0
BRDA:27,4,0,0
BRDA:27,4,1,0
BRDA:33,5,0,0
BRDA:33,5,1,0
BRDA:33,6,0,0
BRDA:33,6,1,0
BRDA:33,6,2,0
BRDA:38,7,0,0
BRDA:38,7,1,0
BRDA:61,8,0,0
BRDA:61,8,1,0
BRDA:62,9,0,0
BRDA:62,9,1,0
BRDA:63,10,0,0
BRDA:63,10,1,0
BRDA:76,11,0,0
BRDA:76,11,1,0
BRDA:91,12,0,0
BRDA:91,12,1,0
BRDA:100,13,0,0
BRDA:100,13,1,0
BRDA:101,14,0,0
BRDA:101,14,1,0
BRDA:106,15,0,0
BRDA:106,15,1,0
BRDA:117,16,0,0
BRDA:117,16,1,0
BRDA:118,17,0,0
BRDA:118,17,1,0
BRDA:120,18,0,0
BRDA:120,18,1,0
BRDA:125,19,0,0
BRDA:125,19,1,0
BRDA:125,20,0,0
BRDA:125,20,1,0
BRDA:133,21,0,0
BRDA:133,21,1,0
BRDA:133,22,0,0
BRDA:133,22,1,0
BRDA:143,23,0,0
BRDA:143,23,1,0
BRDA:158,24,0,0
BRDA:158,24,1,0
BRDA:168,25,0,0
BRDA:168,25,1,0
BRDA:198,26,0,0
BRDA:198,26,1,0
BRDA:227,27,0,0
BRDA:227,27,1,0
BRF:57
BRH:0
end_of_record
TN:
SF:routes\auth.js
FN:25,(anonymous_0)
FN:130,(anonymous_1)
FN:236,(anonymous_2)
FN:356,(anonymous_3)
FN:427,(anonymous_4)
FN:537,(anonymous_5)
FN:585,(anonymous_6)
FN:667,(anonymous_7)
FN:689,(anonymous_8)
FN:777,(anonymous_9)
FNF:10
FNH:0
FNDA:0,(anonymous_0)
FNDA:0,(anonymous_1)
FNDA:0,(anonymous_2)
FNDA:0,(anonymous_3)
FNDA:0,(anonymous_4)
FNDA:0,(anonymous_5)
FNDA:0,(anonymous_6)
FNDA:0,(anonymous_7)
FNDA:0,(anonymous_8)
FNDA:0,(anonymous_9)
DA:1,0
DA:2,0
DA:3,0
DA:4,0
DA:5,0
DA:6,0
DA:7,0
DA:8,0
DA:11,0
DA:25,0
DA:26,0
DA:28,0
DA:30,0
DA:31,0
DA:38,0
DA:39,0
DA:46,0
DA:47,0
DA:48,0
DA:55,0
DA:56,0
DA:61,0
DA:62,0
DA:70,0
DA:71,0
DA:76,0
DA:77,0
DA:85,0
DA:91,0
DA:92,0
DA:95,0
DA:110,0
DA:112,0
DA:120,0
DA:121,0
DA:130,0
DA:131,0
DA:133,0
DA:135,0
DA:136,0
DA:143,0
DA:153,0
DA:154,0
DA:160,0
DA:163,0
DA:164,0
DA:171,0
DA:172,0
DA:180,0
DA:182,0
DA:184,0
DA:189,0
DA:191,0
DA:199,0
DA:205,0
DA:206,0
DA:215,0
DA:216,0
DA:222,0
DA:225,0
DA:231,0
DA:236,0
DA:239,0
DA:242,0
DA:256,0
DA:282,0
DA:283,0
DA:290,0
DA:291,0
DA:297,0
DA:300,0
DA:306,0
DA:317,0
DA:337,0
DA:343,0
DA:344,0
DA:356,0
DA:357,0
DA:359,0
DA:361,0
DA:362,0
DA:369,0
DA:376,0
DA:377,0
DA:383,0
DA:394,0
DA:396,0
DA:397,0
DA:403,0
DA:414,0
DA:415,0
DA:427,0
DA:440,0
DA:443,0
DA:445,0
DA:447,0
DA:448,0
DA:455,0
DA:456,0
DA:463,0
DA:468,0
DA:469,0
DA:476,0
DA:477,0
DA:480,0
DA:483,0
DA:490,0
DA:493,0
DA:494,0
DA:495,0
DA:508,0
DA:512,0
DA:519,0
DA:522,0
DA:525,0
DA:537,0
DA:538,0
DA:541,0
DA:567,0
DA:568,0
DA:570,0
DA:577,0
DA:585,0
DA:586,0
DA:588,0
DA:590,0
DA:591,0
DA:598,0
DA:605,0
DA:606,0
DA:612,0
DA:615,0
DA:617,0
DA:618,0
DA:625,0
DA:636,0
DA:654,0
DA:655,0
DA:667,0
DA:668,0
DA:670,0
DA:671,0
DA:673,0
DA:674,0
DA:679,0
DA:682,0
DA:689,0
DA:701,0
DA:704,0
DA:706,0
DA:708,0
DA:709,0
DA:716,0
DA:721,0
DA:722,0
DA:729,0
DA:730,0
DA:733,0
DA:736,0
DA:743,0
DA:746,0
DA:759,0
DA:762,0
DA:765,0
DA:777,0
DA:778,0
DA:781,0
DA:807,0
DA:808,0
DA:810,0
DA:817,0
DA:821,0
LF:172
LH:0
BRDA:12,0,0,0
BRDA:12,0,1,0
BRDA:13,1,0,0
BRDA:13,1,1,0
BRDA:30,2,0,0
BRDA:30,2,1,0
BRDA:30,3,0,0
BRDA:30,3,1,0
BRDA:38,4,0,0
BRDA:38,4,1,0
BRDA:47,5,0,0
BRDA:47,5,1,0
BRDA:55,6,0,0
BRDA:55,6,1,0
BRDA:61,7,0,0
BRDA:61,7,1,0
BRDA:70,8,0,0
BRDA:70,8,1,0
BRDA:76,9,0,0
BRDA:76,9,1,0
BRDA:91,10,0,0
BRDA:91,10,1,0
BRDA:92,11,0,0
BRDA:92,11,1,0
BRDA:103,12,0,0
BRDA:103,12,1,0
BRDA:105,13,0,0
BRDA:105,13,1,0
BRDA:116,14,0,0
BRDA:116,14,1,0
BRDA:124,15,0,0
BRDA:124,15,1,0
BRDA:135,16,0,0
BRDA:135,16,1,0
BRDA:135,17,0,0
BRDA:135,17,1,0
BRDA:135,17,2,0
BRDA:153,18,0,0
BRDA:153,18,1,0
BRDA:163,19,0,0
BRDA:163,19,1,0
BRDA:171,20,0,0
BRDA:171,20,1,0
BRDA:182,21,0,0
BRDA:182,21,1,0
BRDA:193,22,0,0
BRDA:193,22,1,0
BRDA:205,23,0,0
BRDA:205,23,1,0
BRDA:215,24,0,0
BRDA:215,24,1,0
BRDA:239,25,0,0
BRDA:239,25,1,0
BRDA:253,26,0,0
BRDA:253,26,1,0
BRDA:267,27,0,0
BRDA:267,27,1,0
BRDA:273,28,0,0
BRDA:273,28,1,0
BRDA:282,29,0,0
BRDA:282,29,1,0
BRDA:290,30,0,0
BRDA:290,30,1,0
BRDA:314,31,0,0
BRDA:314,31,1,0
BRDA:329,32,0,0
BRDA:329,32,1,0
BRDA:347,33,0,0
BRDA:347,33,1,0
BRDA:361,34,0,0
BRDA:361,34,1,0
BRDA:361,35,0,0
BRDA:361,35,1,0
BRDA:376,36,0,0
BRDA:376,36,1,0
BRDA:396,37,0,0
BRDA:396,37,1,0
BRDA:418,38,0,0
BRDA:418,38,1,0
BRDA:447,39,0,0
BRDA:447,39,1,0
BRDA:447,40,0,0
BRDA:447,40,1,0
BRDA:447,40,2,0
BRDA:447,40,3,0
BRDA:447,40,4,0
BRDA:455,41,0,0
BRDA:455,41,1,0
BRDA:468,42,0,0
BRDA:468,42,1,0
BRDA:487,43,0,0
BRDA:487,43,1,0
BRDA:487,44,0,0
BRDA:487,44,1,0
BRDA:494,45,0,0
BRDA:494,45,1,0
BRDA:494,46,0,0
BRDA:494,46,1,0
BRDA:494,46,2,0
BRDA:502,47,0,0
BRDA:502,47,1,0
BRDA:502,48,0,0
BRDA:502,48,1,0
BRDA:503,49,0,0
BRDA:503,49,1,0
BRDA:503,50,0,0
BRDA:503,50,1,0
BRDA:504,51,0,0
BRDA:504,51,1,0
BRDA:505,52,0,0
BRDA:505,52,1,0
BRDA:533,53,0,0
BRDA:533,53,1,0
BRDA:573,54,0,0
BRDA:573,54,1,0
BRDA:590,55,0,0
BRDA:590,55,1,0
BRDA:590,56,0,0
BRDA:590,56,1,0
BRDA:605,57,0,0
BRDA:605,57,1,0
BRDA:617,58,0,0
BRDA:617,58,1,0
BRDA:633,59,0,0
BRDA:633,59,1,0
BRDA:658,60,0,0
BRDA:658,60,1,0
BRDA:673,61,0,0
BRDA:673,61,1,0
BRDA:673,62,0,0
BRDA:673,62,1,0
BRDA:708,63,0,0
BRDA:708,63,1,0
BRDA:708,64,0,0
BRDA:708,64,1,0
BRDA:708,64,2,0
BRDA:708,64,3,0
BRDA:708,64,4,0
BRDA:708,64,5,0
BRDA:708,64,6,0
BRDA:721,65,0,0
BRDA:721,65,1,0
BRDA:753,66,0,0
BRDA:753,66,1,0
BRDA:754,67,0,0
BRDA:754,67,1,0
BRDA:755,68,0,0
BRDA:755,68,1,0
BRDA:773,69,0,0
BRDA:773,69,1,0
BRDA:813,70,0,0
BRDA:813,70,1,0
BRF:152
BRH:0
end_of_record
TN:
SF:routes\buyer.js
FN:14,(anonymous_0)
FN:103,(anonymous_1)
FN:158,(anonymous_2)
FN:179,(anonymous_3)
FN:369,(anonymous_4)
FN:412,(anonymous_5)
FN:480,(anonymous_6)
FN:546,(anonymous_7)
FN:572,(anonymous_8)
FN:620,(anonymous_9)
FNF:10
FNH:0
FNDA:0,(anonymous_0)
FNDA:0,(anonymous_1)
FNDA:0,(anonymous_2)
FNDA:0,(anonymous_3)
FNDA:0,(anonymous_4)
FNDA:0,(anonymous_5)
FNDA:0,(anonymous_6)
FNDA:0,(anonymous_7)
FNDA:0,(anonymous_8)
FNDA:0,(anonymous_9)
DA:1,0
DA:2,0
DA:3,0
DA:4,0
DA:7,0
DA:8,0
DA:14,0
DA:15,0
DA:16,0
DA:18,0
DA:42,0
DA:43,0
DA:46,0
DA:47,0
DA:48,0
DA:52,0
DA:53,0
DA:54,0
DA:58,0
DA:59,0
DA:60,0
DA:61,0
DA:65,0
DA:66,0
DA:67,0
DA:69,0
DA:70,0
DA:71,0
DA:75,0
DA:76,0
DA:77,0
DA:80,0
DA:82,0
DA:84,0
DA:90,0
DA:91,0
DA:103,0
DA:104,0
DA:105,0
DA:108,0
DA:135,0
DA:136,0
DA:143,0
DA:155,0
DA:158,0
DA:161,0
DA:166,0
DA:167,0
DA:179,0
DA:180,0
DA:181,0
DA:188,0
DA:191,0
DA:192,0
DA:198,0
DA:199,0
DA:206,0
DA:207,0
DA:208,0
DA:209,0
DA:210,0
DA:217,0
DA:222,0
DA:223,0
DA:229,0
DA:230,0
DA:236,0
DA:237,0
DA:244,0
DA:246,0
DA:250,0
DA:251,0
DA:253,0
DA:254,0
DA:256,0
DA:259,0
DA:260,0
DA:268,0
DA:295,0
DA:298,0
DA:300,0
DA:318,0
DA:328,0
DA:329,0
DA:338,0
DA:343,0
DA:347,0
DA:356,0
DA:357,0
DA:369,0
DA:370,0
DA:371,0
DA:373,0
DA:393,0
DA:399,0
DA:400,0
DA:412,0
DA:413,0
DA:414,0
DA:415,0
DA:418,0
DA:433,0
DA:434,0
DA:441,0
DA:459,0
DA:467,0
DA:468,0
DA:480,0
DA:481,0
DA:482,0
DA:483,0
DA:486,0
DA:491,0
DA:492,0
DA:498,0
DA:499,0
DA:506,0
DA:511,0
DA:512,0
DA:522,0
DA:530,0
DA:535,0
DA:536,0
DA:546,0
DA:547,0
DA:548,0
DA:556,0
DA:561,0
DA:562,0
DA:572,0
DA:573,0
DA:574,0
DA:576,0
DA:597,0
DA:598,0
DA:604,0
DA:609,0
DA:610,0
DA:620,0
DA:621,0
DA:622,0
DA:623,0
DA:626,0
DA:637,0
DA:638,0
DA:647,0
DA:662,0
DA:668,0
DA:669,0
DA:677,0
LF:150
LH:0
BRDA:46,0,0,0
BRDA:46,0,1,0
BRDA:52,1,0,0
BRDA:52,1,1,0
BRDA:58,2,0,0
BRDA:58,2,1,0
BRDA:65,3,0,0
BRDA:65,3,1,0
BRDA:69,4,0,0
BRDA:69,4,1,0
BRDA:75,5,0,0
BRDA:75,5,1,0
BRDA:94,6,0,0
BRDA:94,6,1,0
BRDA:135,7,0,0
BRDA:135,7,1,0
BRDA:158,8,0,0
BRDA:158,8,1,0
BRDA:158,8,2,0
BRDA:170,9,0,0
BRDA:170,9,1,0
BRDA:181,10,0,0
BRDA:181,10,1,0
BRDA:191,11,0,0
BRDA:191,11,1,0
BRDA:191,12,0,0
BRDA:191,12,1,0
BRDA:191,12,2,0
BRDA:198,13,0,0
BRDA:198,13,1,0
BRDA:209,14,0,0
BRDA:209,14,1,0
BRDA:209,15,0,0
BRDA:209,15,1,0
BRDA:209,15,2,0
BRDA:222,16,0,0
BRDA:222,16,1,0
BRDA:229,17,0,0
BRDA:229,17,1,0
BRDA:236,18,0,0
BRDA:236,18,1,0
BRDA:244,19,0,0
BRDA:244,19,1,0
BRDA:250,20,0,0
BRDA:250,20,1,0
BRDA:253,21,0,0
BRDA:253,21,1,0
BRDA:259,22,0,0
BRDA:259,22,1,0
BRDA:259,23,0,0
BRDA:259,23,1,0
BRDA:287,24,0,0
BRDA:287,24,1,0
BRDA:291,25,0,0
BRDA:291,25,1,0
BRDA:343,26,0,0
BRDA:343,26,1,0
BRDA:360,27,0,0
BRDA:360,27,1,0
BRDA:371,28,0,0
BRDA:371,28,1,0
BRDA:403,29,0,0
BRDA:403,29,1,0
BRDA:414,30,0,0
BRDA:414,30,1,0
BRDA:433,31,0,0
BRDA:433,31,1,0
BRDA:471,32,0,0
BRDA:471,32,1,0
BRDA:482,33,0,0
BRDA:482,33,1,0
BRDA:491,34,0,0
BRDA:491,34,1,0
BRDA:498,35,0,0
BRDA:498,35,1,0
BRDA:539,36,0,0
BRDA:539,36,1,0
BRDA:565,37,0,0
BRDA:565,37,1,0
BRDA:597,38,0,0
BRDA:597,38,1,0
BRDA:613,39,0,0
BRDA:613,39,1,0
BRDA:633,40,0,0
BRDA:633,40,1,0
BRDA:633,41,0,0
BRDA:633,41,1,0
BRDA:633,42,0,0
BRDA:633,42,1,0
BRDA:637,43,0,0
BRDA:637,43,1,0
BRDA:672,44,0,0
BRDA:672,44,1,0
BRF:93
BRH:0
end_of_record
TN:
SF:routes\farmer.js
FN:14,(anonymous_0)
FN:91,(anonymous_1)
FN:139,(anonymous_2)
FN:231,(anonymous_3)
FN:278,(anonymous_4)
FN:459,(anonymous_5)
FN:467,(anonymous_6)
FN:544,(anonymous_7)
FN:679,(anonymous_8)
FN:744,(anonymous_9)
FN:817,(anonymous_10)
FNF:11
FNH:0
FNDA:0,(anonymous_0)
FNDA:0,(anonymous_1)
FNDA:0,(anonymous_2)
FNDA:0,(anonymous_3)
FNDA:0,(anonymous_4)
FNDA:0,(anonymous_5)
FNDA:0,(anonymous_6)
FNDA:0,(anonymous_7)
FNDA:0,(anonymous_8)
FNDA:0,(anonymous_9)
FNDA:0,(anonymous_10)
DA:1,0
DA:2,0
DA:3,0
DA:4,0
DA:5,0
DA:6,0
DA:9,0
DA:10,0
DA:14,0
DA:15,0
DA:17,0
DA:18,0
DA:25,0
DA:27,0
DA:57,0
DA:58,0
DA:59,0
DA:72,0
DA:75,0
DA:81,0
DA:82,0
DA:91,0
DA:92,0
DA:93,0
DA:95,0
DA:120,0
DA:126,0
DA:127,0
DA:139,0
DA:140,0
DA:141,0
DA:142,0
DA:143,0
DA:146,0
DA:147,0
DA:154,0
DA:164,0
DA:165,0
DA:171,0
DA:174,0
DA:175,0
DA:182,0
DA:190,0
DA:191,0
DA:196,0
DA:197,0
DA:204,0
DA:210,0
DA:218,0
DA:219,0
DA:231,0
DA:232,0
DA:233,0
DA:236,0
DA:258,0
DA:264,0
DA:265,0
DA:278,0
DA:279,0
DA:280,0
DA:300,0
DA:303,0
DA:304,0
DA:311,0
DA:312,0
DA:313,0
DA:321,0
DA:322,0
DA:328,0
DA:329,0
DA:336,0
DA:337,0
DA:344,0
DA:408,0
DA:409,0
DA:412,0
DA:422,0
DA:423,0
DA:424,0
DA:426,0
DA:433,0
DA:434,0
DA:436,0
DA:437,0
DA:438,0
DA:439,0
DA:440,0
DA:443,0
DA:445,0
DA:447,0
DA:448,0
DA:449,0
DA:451,0
DA:452,0
DA:459,0
DA:460,0
DA:468,0
DA:469,0
DA:472,0
DA:475,0
DA:477,0
DA:482,0
DA:504,0
DA:506,0
DA:511,0
DA:518,0
DA:520,0
DA:522,0
DA:531,0
DA:532,0
DA:544,0
DA:545,0
DA:546,0
DA:559,0
DA:561,0
DA:562,0
DA:569,0
DA:574,0
DA:575,0
DA:582,0
DA:583,0
DA:584,0
DA:586,0
DA:587,0
DA:588,0
DA:590,0
DA:591,0
DA:592,0
DA:594,0
DA:595,0
DA:596,0
DA:598,0
DA:599,0
DA:600,0
DA:602,0
DA:603,0
DA:604,0
DA:606,0
DA:607,0
DA:608,0
DA:610,0
DA:611,0
DA:612,0
DA:614,0
DA:615,0
DA:616,0
DA:618,0
DA:619,0
DA:620,0
DA:622,0
DA:623,0
DA:624,0
DA:627,0
DA:628,0
DA:635,0
DA:638,0
DA:640,0
DA:660,0
DA:666,0
DA:667,0
DA:679,0
DA:680,0
DA:681,0
DA:682,0
DA:684,0
DA:685,0
DA:692,0
DA:697,0
DA:698,0
DA:705,0
DA:713,0
DA:714,0
DA:721,0
DA:726,0
DA:731,0
DA:732,0
DA:744,0
DA:745,0
DA:747,0
DA:748,0
DA:758,0
DA:761,0
DA:767,0
DA:777,0
DA:787,0
DA:794,0
DA:804,0
DA:805,0
DA:817,0
DA:818,0
DA:820,0
DA:821,0
DA:834,0
DA:836,0
DA:866,0
DA:867,0
DA:873,0
DA:878,0
DA:879,0
DA:887,0
LF:200
LH:0
BRDA:17,0,0,0
BRDA:17,0,1,0
BRDA:25,1,0,0
BRDA:25,1,1,0
BRDA:85,2,0,0
BRDA:85,2,1,0
BRDA:93,3,0,0
BRDA:93,3,1,0
BRDA:130,4,0,0
BRDA:130,4,1,0
BRDA:141,5,0,0
BRDA:141,5,1,0
BRDA:146,6,0,0
BRDA:146,6,1,0
BRDA:164,7,0,0
BRDA:164,7,1,0
BRDA:174,8,0,0
BRDA:174,8,1,0
BRDA:190,9,0,0
BRDA:190,9,1,0
BRDA:222,10,0,0
BRDA:222,10,1,0
BRDA:233,11,0,0
BRDA:233,11,1,0
BRDA:268,12,0,0
BRDA:268,12,1,0
BRDA:280,13,0,0
BRDA:280,13,1,0
BRDA:303,14,0,0
BRDA:303,14,1,0
BRDA:303,15,0,0
BRDA:303,15,1,0
BRDA:303,15,2,0
BRDA:303,15,3,0
BRDA:303,15,4,0
BRDA:311,16,0,0
BRDA:311,16,1,0
BRDA:311,17,0,0
BRDA:311,17,1,0
BRDA:312,18,0,0
BRDA:312,18,1,0
BRDA:312,19,0,0
BRDA:312,19,1,0
BRDA:312,19,2,0
BRDA:321,20,0,0
BRDA:321,20,1,0
BRDA:321,21,0,0
BRDA:321,21,1,0
BRDA:328,22,0,0
BRDA:328,22,1,0
BRDA:328,23,0,0
BRDA:328,23,1,0
BRDA:336,24,0,0
BRDA:336,24,1,0
BRDA:336,25,0,0
BRDA:336,25,1,0
BRDA:336,25,2,0
BRDA:390,26,0,0
BRDA:390,26,1,0
BRDA:394,27,0,0
BRDA:394,27,1,0
BRDA:395,28,0,0
BRDA:395,28,1,0
BRDA:396,29,0,0
BRDA:396,29,1,0
BRDA:397,30,0,0
BRDA:397,30,1,0
BRDA:398,31,0,0
BRDA:398,31,1,0
BRDA:399,32,0,0
BRDA:399,32,1,0
BRDA:399,33,0,0
BRDA:399,33,1,0
BRDA:400,34,0,0
BRDA:400,34,1,0
BRDA:400,35,0,0
BRDA:400,35,1,0
BRDA:401,36,0,0
BRDA:401,36,1,0
BRDA:401,37,0,0
BRDA:401,37,1,0
BRDA:401,38,0,0
BRDA:401,38,1,0
BRDA:402,39,0,0
BRDA:402,39,1,0
BRDA:402,40,0,0
BRDA:402,40,1,0
BRDA:402,41,0,0
BRDA:402,41,1,0
BRDA:403,42,0,0
BRDA:403,42,1,0
BRDA:404,43,0,0
BRDA:404,43,1,0
BRDA:404,44,0,0
BRDA:404,44,1,0
BRDA:404,45,0,0
BRDA:404,45,1,0
BRDA:414,46,0,0
BRDA:414,46,1,0
BRDA:416,47,0,0
BRDA:416,47,1,0
BRDA:417,48,0,0
BRDA:417,48,1,0
BRDA:422,49,0,0
BRDA:422,49,1,0
BRDA:423,50,0,0
BRDA:423,50,1,0
BRDA:424,51,0,0
BRDA:424,51,1,0
BRDA:434,52,0,0
BRDA:434,52,1,0
BRDA:434,53,0,0
BRDA:434,53,1,0
BRDA:434,53,2,0
BRDA:437,54,0,0
BRDA:437,54,1,0
BRDA:438,55,0,0
BRDA:438,55,1,0
BRDA:439,56,0,0
BRDA:439,56,1,0
BRDA:440,57,0,0
BRDA:440,57,1,0
BRDA:445,58,0,0
BRDA:445,58,1,0
BRDA:468,59,0,0
BRDA:468,59,1,0
BRDA:513,60,0,0
BRDA:513,60,1,0
BRDA:514,61,0,0
BRDA:514,61,1,0
BRDA:535,62,0,0
BRDA:535,62,1,0
BRDA:546,63,0,0
BRDA:546,63,1,0
BRDA:561,64,0,0
BRDA:561,64,1,0
BRDA:574,65,0,0
BRDA:574,65,1,0
BRDA:586,66,0,0
BRDA:586,66,1,0
BRDA:590,67,0,0
BRDA:590,67,1,0
BRDA:594,68,0,0
BRDA:594,68,1,0
BRDA:598,69,0,0
BRDA:598,69,1,0
BRDA:602,70,0,0
BRDA:602,70,1,0
BRDA:606,71,0,0
BRDA:606,71,1,0
BRDA:610,72,0,0
BRDA:610,72,1,0
BRDA:614,73,0,0
BRDA:614,73,1,0
BRDA:618,74,0,0
BRDA:618,74,1,0
BRDA:622,75,0,0
BRDA:622,75,1,0
BRDA:627,76,0,0
BRDA:627,76,1,0
BRDA:670,77,0,0
BRDA:670,77,1,0
BRDA:681,78,0,0
BRDA:681,78,1,0
BRDA:684,79,0,0
BRDA:684,79,1,0
BRDA:697,80,0,0
BRDA:697,80,1,0
BRDA:713,81,0,0
BRDA:713,81,1,0
BRDA:735,82,0,0
BRDA:735,82,1,0
BRDA:747,83,0,0
BRDA:747,83,1,0
BRDA:758,84,0,0
BRDA:758,84,1,0
BRDA:808,85,0,0
BRDA:808,85,1,0
BRDA:820,86,0,0
BRDA:820,86,1,0
BRDA:834,87,0,0
BRDA:834,87,1,0
BRDA:866,88,0,0
BRDA:866,88,1,0
BRDA:882,89,0,0
BRDA:882,89,1,0
BRF:186
BRH:0
end_of_record
TN:
SF:routes\health.js
FNF:0
FNH:0
LF:0
LH:0
BRF:0
BRH:0
end_of_record
TN:
SF:routes\messages.js
FN:9,(anonymous_0)
FN:110,(anonymous_1)
FN:127,(anonymous_2)
FN:228,(anonymous_3)
FN:305,(anonymous_4)
FN:380,(anonymous_5)
FN:436,(anonymous_6)
FNF:7
FNH:0
FNDA:0,(anonymous_0)
FNDA:0,(anonymous_1)
FNDA:0,(anonymous_2)
FNDA:0,(anonymous_3)
FNDA:0,(anonymous_4)
FNDA:0,(anonymous_5)
FNDA:0,(anonymous_6)
DA:1,0
DA:2,0
DA:3,0
DA:4,0
DA:9,0
DA:10,0
DA:11,0
DA:12,0
DA:16,0
DA:17,0
DA:18,0
DA:19,0
DA:21,0
DA:22,0
DA:23,0
DA:24,0
DA:25,0
DA:27,0
DA:29,0
DA:33,0
DA:105,0
DA:107,0
DA:110,0
DA:114,0
DA:115,0
DA:127,0
DA:128,0
DA:129,0
DA:130,0
DA:131,0
DA:133,0
DA:136,0
DA:137,0
DA:145,0
DA:146,0
DA:154,0
DA:155,0
DA:156,0
DA:162,0
DA:163,0
DA:166,0
DA:167,0
DA:168,0
DA:176,0
DA:182,0
DA:184,0
DA:192,0
DA:193,0
DA:194,0
DA:195,0
DA:197,0
DA:201,0
DA:208,0
DA:215,0
DA:216,0
DA:228,0
DA:229,0
DA:230,0
DA:231,0
DA:232,0
DA:233,0
DA:234,0
DA:237,0
DA:250,0
DA:251,0
DA:255,0
DA:274,0
DA:277,0
DA:286,0
DA:292,0
DA:293,0
DA:305,0
DA:306,0
DA:307,0
DA:308,0
DA:309,0
DA:310,0
DA:313,0
DA:314,0
DA:317,0
DA:318,0
DA:322,0
DA:335,0
DA:336,0
DA:340,0
DA:348,0
DA:353,0
DA:368,0
DA:369,0
DA:380,0
DA:381,0
DA:382,0
DA:383,0
DA:387,0
DA:388,0
DA:389,0
DA:390,0
DA:392,0
DA:393,0
DA:394,0
DA:395,0
DA:396,0
DA:398,0
DA:400,0
DA:404,0
DA:416,0
DA:418,0
DA:424,0
DA:425,0
DA:436,0
DA:437,0
DA:438,0
DA:439,0
DA:441,0
DA:451,0
DA:457,0
DA:458,0
DA:466,0
LF:118
LH:0
BRDA:12,0,0,0
BRDA:12,0,1,0
BRDA:16,1,0,0
BRDA:16,1,1,0
BRDA:18,2,0,0
BRDA:18,2,1,0
BRDA:22,3,0,0
BRDA:22,3,1,0
BRDA:24,4,0,0
BRDA:24,4,1,0
BRDA:110,5,0,0
BRDA:110,5,1,0
BRDA:118,6,0,0
BRDA:118,6,1,0
BRDA:130,7,0,0
BRDA:130,7,1,0
BRDA:136,8,0,0
BRDA:136,8,1,0
BRDA:145,9,0,0
BRDA:145,9,1,0
BRDA:155,10,0,0
BRDA:155,10,1,0
BRDA:167,11,0,0
BRDA:167,11,1,0
BRDA:179,12,0,0
BRDA:179,12,1,0
BRDA:182,13,0,0
BRDA:182,13,1,0
BRDA:193,14,0,0
BRDA:193,14,1,0
BRDA:194,15,0,0
BRDA:194,15,1,0
BRDA:205,16,0,0
BRDA:205,16,1,0
BRDA:219,17,0,0
BRDA:219,17,1,0
BRDA:232,18,0,0
BRDA:232,18,1,0
BRDA:233,19,0,0
BRDA:233,19,1,0
BRDA:234,20,0,0
BRDA:234,20,1,0
BRDA:250,21,0,0
BRDA:250,21,1,0
BRDA:296,22,0,0
BRDA:296,22,1,0
BRDA:310,23,0,0
BRDA:310,23,1,0
BRDA:313,24,0,0
BRDA:313,24,1,0
BRDA:313,25,0,0
BRDA:313,25,1,0
BRDA:317,26,0,0
BRDA:317,26,1,0
BRDA:335,27,0,0
BRDA:335,27,1,0
BRDA:372,28,0,0
BRDA:372,28,1,0
BRDA:383,29,0,0
BRDA:383,29,1,0
BRDA:387,30,0,0
BRDA:387,30,1,0
BRDA:389,31,0,0
BRDA:389,31,1,0
BRDA:393,32,0,0
BRDA:393,32,1,0
BRDA:395,33,0,0
BRDA:395,33,1,0
BRDA:420,34,0,0
BRDA:420,34,1,0
BRDA:428,35,0,0
BRDA:428,35,1,0
BRDA:461,36,0,0
BRDA:461,36,1,0
BRF:74
BRH:0
end_of_record
TN:
SF:routes\mpesa.js
FN:22,(anonymous_0)
FN:27,(anonymous_1)
FN:46,(anonymous_2)
FN:72,(anonymous_3)
FN:83,(anonymous_4)
FN:177,(anonymous_5)
FN:274,(anonymous_6)
FNF:7
FNH:0
FNDA:0,(anonymous_0)
FNDA:0,(anonymous_1)
FNDA:0,(anonymous_2)
FNDA:0,(anonymous_3)
FNDA:0,(anonymous_4)
FNDA:0,(anonymous_5)
FNDA:0,(anonymous_6)
DA:1,0
DA:2,0
DA:3,0
DA:4,0
DA:5,0
DA:7,0
DA:11,0
DA:22,0
DA:23,0
DA:24,0
DA:27,0
DA:28,0
DA:29,0
DA:30,0
DA:32,0
DA:33,0
DA:36,0
DA:38,0
DA:42,0
DA:46,0
DA:47,0
DA:48,0
DA:50,0
DA:53,0
DA:55,0
DA:56,0
DA:58,0
DA:59,0
DA:62,0
DA:67,0
DA:68,0
DA:72,0
DA:73,0
DA:74,0
DA:75,0
DA:77,0
DA:78,0
DA:83,0
DA:84,0
DA:85,0
DA:86,0
DA:88,0
DA:89,0
DA:90,0
DA:94,0
DA:95,0
DA:96,0
DA:97,0
DA:103,0
DA:104,0
DA:106,0
DA:107,0
DA:108,0
DA:110,0
DA:111,0
DA:114,0
DA:116,0
DA:130,0
DA:135,0
DA:138,0
DA:140,0
DA:141,0
DA:148,0
DA:151,0
DA:153,0
DA:154,0
DA:155,0
DA:156,0
DA:157,0
DA:159,0
DA:160,0
DA:177,0
DA:178,0
DA:180,0
DA:181,0
DA:183,0
DA:184,0
DA:186,0
DA:189,0
DA:190,0
DA:191,0
DA:193,0
DA:195,0
DA:196,0
DA:197,0
DA:199,0
DA:200,0
DA:201,0
DA:204,0
DA:205,0
DA:206,0
DA:207,0
DA:210,0
DA:211,0
DA:212,0
DA:214,0
DA:220,0
DA:222,0
DA:223,0
DA:225,0
DA:229,0
DA:231,0
DA:249,0
DA:251,0
DA:252,0
DA:255,0
DA:266,0
DA:269,0
DA:274,0
DA:288,0
DA:289,0
DA:292,0
DA:293,0
DA:301,0
DA:302,0
DA:309,0
DA:312,0
DA:315,0
DA:319,0
DA:322,0
DA:324,0
DA:327,0
DA:329,0
DA:330,0
DA:332,0
DA:333,0
DA:334,0
DA:335,0
DA:337,0
DA:338,0
DA:340,0
DA:341,0
DA:342,0
DA:343,0
DA:345,0
DA:349,0
DA:350,0
DA:354,0
DA:357,0
DA:362,0
DA:364,0
DA:365,0
DA:369,0
LF:143
LH:0
BRDA:23,0,0,0
BRDA:23,0,1,0
BRDA:24,1,0,0
BRDA:24,1,1,0
BRDA:32,2,0,0
BRDA:32,2,1,0
BRDA:32,3,0,0
BRDA:32,3,1,0
BRDA:47,4,0,0
BRDA:47,4,1,0
BRDA:47,5,0,0
BRDA:47,5,1,0
BRDA:53,6,0,0
BRDA:53,6,1,0
BRDA:53,7,0,0
BRDA:53,7,1,0
BRDA:56,8,0,0
BRDA:56,8,1,0
BRDA:56,9,0,0
BRDA:56,9,1,0
BRDA:59,10,0,0
BRDA:59,10,1,0
BRDA:59,11,0,0
BRDA:59,11,1,0
BRDA:62,12,0,0
BRDA:62,12,1,0
BRDA:62,13,0,0
BRDA:62,13,1,0
BRDA:67,14,0,0
BRDA:67,14,1,0
BRDA:77,15,0,0
BRDA:77,15,1,0
BRDA:88,16,0,0
BRDA:88,16,1,0
BRDA:88,17,0,0
BRDA:88,17,1,0
BRDA:88,17,2,0
BRDA:96,18,0,0
BRDA:96,18,1,0
BRDA:110,19,0,0
BRDA:110,19,1,0
BRDA:110,20,0,0
BRDA:110,20,1,0
BRDA:125,21,0,0
BRDA:125,21,1,0
BRDA:125,22,0,0
BRDA:125,22,1,0
BRDA:126,23,0,0
BRDA:126,23,1,0
BRDA:127,24,0,0
BRDA:127,24,1,0
BRDA:138,25,0,0
BRDA:138,25,1,0
BRDA:138,25,2,0
BRDA:159,26,0,0
BRDA:159,26,1,0
BRDA:159,27,0,0
BRDA:159,27,1,0
BRDA:162,28,0,0
BRDA:162,28,1,0
BRDA:163,29,0,0
BRDA:163,29,1,0
BRDA:168,30,0,0
BRDA:168,30,1,0
BRDA:169,31,0,0
BRDA:169,31,1,0
BRDA:184,32,0,0
BRDA:184,32,1,0
BRDA:193,33,0,0
BRDA:193,33,1,0
BRDA:195,34,0,0
BRDA:195,34,1,0
BRDA:195,34,2,0
BRDA:199,35,0,0
BRDA:199,35,1,0
BRDA:200,36,0,0
BRDA:200,36,1,0
BRDA:201,37,0,0
BRDA:201,37,1,0
BRDA:204,38,0,0
BRDA:204,38,1,0
BRDA:204,38,2,0
BRDA:205,39,0,0
BRDA:205,39,1,0
BRDA:206,40,0,0
BRDA:206,40,1,0
BRDA:206,40,2,0
BRDA:207,41,0,0
BRDA:207,41,1,0
BRDA:211,42,0,0
BRDA:211,42,1,0
BRDA:216,43,0,0
BRDA:216,43,1,0
BRDA:225,44,0,0
BRDA:225,44,1,0
BRDA:251,45,0,0
BRDA:251,45,1,0
BRDA:301,46,0,0
BRDA:301,46,1,0
BRDA:312,47,0,0
BRDA:312,47,1,0
BRDA:319,48,0,0
BRDA:319,48,1,0
BRDA:324,49,0,0
BRDA:324,49,1,0
BRDA:334,50,0,0
BRDA:334,50,1,0
BRDA:338,51,0,0
BRDA:338,51,1,0
BRDA:338,52,0,0
BRDA:338,52,1,0
BRDA:345,53,0,0
BRDA:345,53,1,0
BRDA:354,54,0,0
BRDA:354,54,1,0
BRDA:357,55,0,0
BRDA:357,55,1,0
BRDA:364,56,0,0
BRDA:364,56,1,0
BRF:119
BRH:0
end_of_record
TN:
SF:routes\reviews.js
FN:7,(anonymous_0)
FN:60,(anonymous_1)
FN:124,(anonymous_2)
FN:178,(anonymous_3)
FN:209,(anonymous_4)
FN:246,(anonymous_5)
FN:286,(anonymous_6)
FN:316,(anonymous_7)
FN:377,(anonymous_8)
FNF:9
FNH:0
FNDA:0,(anonymous_0)
FNDA:0,(anonymous_1)
FNDA:0,(anonymous_2)
FNDA:0,(anonymous_3)
FNDA:0,(anonymous_4)
FNDA:0,(anonymous_5)
FNDA:0,(anonymous_6)
FNDA:0,(anonymous_7)
FNDA:0,(anonymous_8)
DA:1,0
DA:2,0
DA:3,0
DA:4,0
DA:7,0
DA:8,0
DA:9,0
DA:11,0
DA:13,0
DA:20,0
DA:21,0
DA:27,0
DA:28,0
DA:32,0
DA:37,0
DA:38,0
DA:42,0
DA:49,0
DA:54,0
DA:55,0
DA:60,0
DA:61,0
DA:62,0
DA:63,0
DA:65,0
DA:66,0
DA:88,0
DA:94,0
DA:107,0
DA:118,0
DA:119,0
DA:124,0
DA:125,0
DA:126,0
DA:127,0
DA:130,0
DA:131,0
DA:134,0
DA:135,0
DA:157,0
DA:162,0
DA:172,0
DA:173,0
DA:178,0
DA:179,0
DA:182,0
DA:183,0
DA:186,0
DA:187,0
DA:208,0
DA:210,0
DA:222,0
DA:238,0
DA:240,0
DA:241,0
DA:246,0
DA:247,0
DA:248,0
DA:249,0
DA:251,0
DA:253,0
DA:258,0
DA:259,0
DA:262,0
DA:263,0
DA:267,0
DA:275,0
DA:280,0
DA:281,0
DA:286,0
DA:287,0
DA:288,0
DA:290,0
DA:292,0
DA:297,0
DA:298,0
DA:301,0
DA:302,0
DA:306,0
DA:308,0
DA:310,0
DA:311,0
DA:316,0
DA:317,0
DA:318,0
DA:319,0
DA:321,0
DA:323,0
DA:328,0
DA:329,0
DA:332,0
DA:333,0
DA:337,0
DA:342,0
DA:344,0
DA:352,0
DA:359,0
DA:366,0
DA:371,0
DA:372,0
DA:377,0
DA:378,0
DA:379,0
DA:381,0
DA:383,0
DA:388,0
DA:390,0
DA:395,0
DA:399,0
DA:404,0
DA:406,0
DA:407,0
DA:411,0
LF:113
LH:0
BRDA:20,0,0,0
BRDA:20,0,1,0
BRDA:27,1,0,0
BRDA:27,1,1,0
BRDA:37,2,0,0
BRDA:37,2,1,0
BRDA:62,3,0,0
BRDA:62,4,0,0
BRDA:62,5,0,0
BRDA:62,6,0,0
BRDA:126,7,0,0
BRDA:126,8,0,0
BRDA:130,9,0,0
BRDA:130,9,1,0
BRDA:182,10,0,0
BRDA:182,10,1,0
BRDA:258,11,0,0
BRDA:258,11,1,0
BRDA:262,12,0,0
BRDA:262,12,1,0
BRDA:297,13,0,0
BRDA:297,13,1,0
BRDA:301,14,0,0
BRDA:301,14,1,0
BRDA:328,15,0,0
BRDA:328,15,1,0
BRDA:332,16,0,0
BRDA:332,16,1,0
BRDA:342,17,0,0
BRDA:342,17,1,0
BRDA:388,18,0,0
BRDA:388,18,1,0
BRF:32
BRH:0
end_of_record
TN:
SF:routes\roles.js
FN:10,(anonymous_0)
FN:45,(anonymous_1)
FN:97,(anonymous_2)
FN:196,(anonymous_3)
FN:315,(anonymous_4)
FNF:5
FNH:0
FNDA:0,(anonymous_0)
FNDA:0,(anonymous_1)
FNDA:0,(anonymous_2)
FNDA:0,(anonymous_3)
FNDA:0,(anonymous_4)
DA:1,0
DA:2,0
DA:3,0
DA:4,0
DA:10,0
DA:11,0
DA:12,0
DA:14,0
DA:26,0
DA:32,0
DA:33,0
DA:45,0
DA:46,0
DA:47,0
DA:49,0
DA:62,0
DA:63,0
DA:69,0
DA:72,0
DA:77,0
DA:84,0
DA:85,0
DA:97,0
DA:98,0
DA:99,0
DA:100,0
DA:103,0
DA:104,0
DA:110,0
DA:111,0
DA:118,0
DA:123,0
DA:124,0
DA:131,0
DA:136,0
DA:139,0
DA:140,0
DA:153,0
DA:183,0
DA:184,0
DA:196,0
DA:197,0
DA:198,0
DA:199,0
DA:202,0
DA:203,0
DA:209,0
DA:210,0
DA:217,0
DA:223,0
DA:224,0
DA:231,0
DA:233,0
DA:234,0
DA:236,0
DA:238,0
DA:240,0
DA:241,0
DA:245,0
DA:256,0
DA:258,0
DA:265,0
DA:267,0
DA:269,0
DA:270,0
DA:274,0
DA:284,0
DA:286,0
DA:295,0
DA:296,0
DA:298,0
DA:302,0
DA:303,0
DA:315,0
DA:316,0
DA:317,0
DA:319,0
DA:324,0
DA:325,0
DA:331,0
DA:336,0
DA:337,0
DA:345,0
LF:83
LH:0
BRDA:62,0,0,0
BRDA:62,0,1,0
BRDA:81,1,0,0
BRDA:81,1,1,0
BRDA:103,2,0,0
BRDA:103,2,1,0
BRDA:110,3,0,0
BRDA:110,3,1,0
BRDA:123,4,0,0
BRDA:123,4,1,0
BRDA:123,5,0,0
BRDA:123,5,1,0
BRDA:126,6,0,0
BRDA:126,6,1,0
BRDA:150,7,0,0
BRDA:150,7,1,0
BRDA:168,8,0,0
BRDA:168,8,1,0
BRDA:174,9,0,0
BRDA:174,9,1,0
BRDA:202,10,0,0
BRDA:202,10,1,0
BRDA:202,11,0,0
BRDA:202,11,1,0
BRDA:209,12,0,0
BRDA:209,12,1,0
BRDA:223,13,0,0
BRDA:223,13,1,0
BRDA:236,14,0,0
BRDA:236,14,1,0
BRDA:240,15,0,0
BRDA:240,15,1,0
BRDA:240,16,0,0
BRDA:240,16,1,0
BRDA:251,17,0,0
BRDA:251,17,1,0
BRDA:252,18,0,0
BRDA:252,18,1,0
BRDA:252,19,0,0
BRDA:252,19,1,0
BRDA:265,20,0,0
BRDA:265,20,1,0
BRDA:269,21,0,0
BRDA:269,21,1,0
BRDA:269,22,0,0
BRDA:269,22,1,0
BRDA:269,22,2,0
BRDA:269,22,3,0
BRDA:280,23,0,0
BRDA:280,23,1,0
BRDA:324,24,0,0
BRDA:324,24,1,0
BRF:52
BRH:0
end_of_record
TN:
SF:utils\emailService.js
FN:12,getPurposeText
FN:41,sendOTPEmail
FN:236,sendWelcomeEmail
FN:288,sendPurchaseReceipt
FN:311,(anonymous_4)
FN:572,(anonymous_5)
FNF:6
FNH:0
FNDA:0,getPurposeText
FNDA:0,sendOTPEmail
FNDA:0,sendWelcomeEmail
FNDA:0,sendPurchaseReceipt
FNDA:0,(anonymous_4)
FNDA:0,(anonymous_5)
DA:1,0
DA:2,0
DA:5,0
DA:13,0
DA:31,0
DA:42,0
DA:44,0
DA:217,0
DA:218,0
DA:219,0
DA:220,0
DA:222,0
DA:223,0
DA:224,0
DA:226,0
DA:237,0
DA:265,0
DA:266,0
DA:267,0
DA:269,0
DA:299,0
DA:302,0
DA:311,0
DA:321,0
DA:572,0
DA:583,0
DA:584,0
DA:585,0
DA:586,0
DA:588,0
DA:589,0
DA:590,0
DA:592,0
DA:596,0
LF:34
LH:0
BRDA:31,0,0,0
BRDA:31,0,1,0
BRDA:41,1,0,0
BRDA:48,2,0,0
BRDA:48,2,1,0
BRDA:51,3,0,0
BRDA:51,3,1,0
BRDA:186,4,0,0
BRDA:186,4,1,0
BRDA:223,5,0,0
BRDA:223,5,1,0
BRDA:241,6,0,0
BRDA:241,6,1,0
BRDA:315,7,0,0
BRDA:315,7,1,0
BRDA:325,8,0,0
BRDA:325,8,1,0
BRDA:572,9,0,0
BRDA:572,9,1,0
BRDA:589,10,0,0
BRDA:589,10,1,0
BRF:21
BRH:0
end_of_record
TN:
SF:utils\errorHandler.js
FNF:0
FNH:0
LF:0
LH:0
BRF:0
BRH:0
end_of_record
TN:
SF:utils\healthCheck.js
FNF:0
FNH:0
LF:0
LH:0
BRF:0
BRH:0
end_of_record
TN:
SF:utils\otpUtils.js
FN:8,generateOTP
FN:26,verifyOTP
FN:53,calculateExpiryTime
FN:62,isOTPExpired
FNF:4
FNH:0
FNDA:0,generateOTP
FNDA:0,verifyOTP
FNDA:0,calculateExpiryTime
FNDA:0,isOTPExpired
DA:1,0
DA:9,0
DA:10,0
DA:12,0
DA:13,0
DA:14,0
DA:17,0
DA:27,0
DA:28,0
DA:31,0
DA:32,0
DA:35,0
DA:36,0
DA:40,0
DA:41,0
DA:43,0
DA:44,0
DA:54,0
DA:63,0
DA:66,0
LF:20
LH:0
BRDA:8,0,0,0
BRDA:27,1,0,0
BRDA:27,1,1,0
BRDA:27,2,0,0
BRDA:27,2,1,0
BRDA:35,3,0,0
BRDA:35,3,1,0
BRDA:53,4,0,0
BRF:8
BRH:0
end_of_record
TN:
SF:utils\reservationCleaner.js
FN:4,(anonymous_0)
FN:39,(anonymous_1)
FN:41,(anonymous_2)
FN:42,(anonymous_3)
FN:47,(anonymous_4)
FNF:5
FNH:0
FNDA:0,(anonymous_0)
FNDA:0,(anonymous_1)
FNDA:0,(anonymous_2)
FNDA:0,(anonymous_3)
FNDA:0,(anonymous_4)
DA:1,0
DA:4,0
DA:5,0
DA:7,0
DA:8,0
DA:10,0
DA:11,0
DA:12,0
DA:14,0
DA:15,0
DA:16,0
DA:17,0
DA:19,0
DA:24,0
DA:25,0
DA:27,0
DA:29,0
DA:33,0
DA:38,0
DA:39,0
DA:40,0
DA:41,0
DA:42,0
DA:44,0
DA:47,0
DA:48,0
DA:49,0
DA:50,0
DA:53,0
LF:29
LH:0
BRDA:8,0,0,0
BRDA:8,0,1,0
BRDA:19,1,0,0
BRDA:19,1,1,0
BRDA:29,2,0,0
BRDA:29,2,1,0
BRDA:33,3,0,0
BRDA:33,3,1,0
BRDA:39,4,0,0
BRDA:40,5,0,0
BRDA:40,5,1,0
BRDA:48,6,0,0
BRDA:48,6,1,0
BRF:13
BRH:0
end_of_record
